{"C:\\Users\\User\\Documents\\Proyectos desarrollo\\Electiva 2 (Desarrollo de software 2)\\copia con arquitetura hexagonal\\Product-Prowess\\index.js": {"path":"C:\\Users\\User\\Documents\\Proyectos desarrollo\\Electiva 2 (Desarrollo de software 2)\\copia con arquitetura hexagonal\\Product-Prowess\\index.js","statementMap":{"0":{"start":{"line":1,"column":16},"end":{"line":1,"column":34}},"1":{"start":{"line":2,"column":21},"end":{"line":2,"column":68}},"2":{"start":{"line":3,"column":25},"end":{"line":3,"column":75}},"3":{"start":{"line":4,"column":26},"end":{"line":4,"column":77}},"4":{"start":{"line":5,"column":0},"end":{"line":5,"column":27}},"5":{"start":{"line":6,"column":13},"end":{"line":6,"column":28}},"6":{"start":{"line":9,"column":31},"end":{"line":9,"column":42}},"7":{"start":{"line":13,"column":18},"end":{"line":13,"column":47}},"8":{"start":{"line":14,"column":21},"end":{"line":14,"column":45}},"9":{"start":{"line":15,"column":20},"end":{"line":29,"column":1}},"10":{"start":{"line":32,"column":12},"end":{"line":32,"column":21}},"11":{"start":{"line":35,"column":0},"end":{"line":35,"column":24}},"12":{"start":{"line":38,"column":20},"end":{"line":52,"column":1}},"13":{"start":{"line":39,"column":2},"end":{"line":45,"column":3}},"14":{"start":{"line":40,"column":4},"end":{"line":40,"column":19}},"15":{"start":{"line":41,"column":9},"end":{"line":45,"column":3}},"16":{"start":{"line":42,"column":4},"end":{"line":42,"column":23}},"17":{"start":{"line":43,"column":9},"end":{"line":45,"column":3}},"18":{"start":{"line":44,"column":4},"end":{"line":44,"column":24}},"19":{"start":{"line":47,"column":17},"end":{"line":49,"column":4}},"20":{"start":{"line":48,"column":4},"end":{"line":48,"column":61}},"21":{"start":{"line":51,"column":2},"end":{"line":51,"column":16}},"22":{"start":{"line":54,"column":0},"end":{"line":56,"column":1}},"23":{"start":{"line":55,"column":2},"end":{"line":55,"column":16}},"24":{"start":{"line":60,"column":0},"end":{"line":60,"column":71}},"25":{"start":{"line":61,"column":0},"end":{"line":61,"column":74}},"26":{"start":{"line":62,"column":0},"end":{"line":62,"column":73}},"27":{"start":{"line":63,"column":0},"end":{"line":63,"column":81}},"28":{"start":{"line":66,"column":0},"end":{"line":66,"column":38}}},"fnMap":{"0":{"name":"(anonymous_0)","decl":{"start":{"line":38,"column":20},"end":{"line":38,"column":21}},"loc":{"start":{"line":38,"column":26},"end":{"line":52,"column":1}},"line":38},"1":{"name":"(anonymous_1)","decl":{"start":{"line":47,"column":38},"end":{"line":47,"column":39}},"loc":{"start":{"line":47,"column":44},"end":{"line":49,"column":3}},"line":47}},"branchMap":{"0":{"loc":{"start":{"line":39,"column":2},"end":{"line":45,"column":3}},"type":"if","locations":[{"start":{"line":39,"column":2},"end":{"line":45,"column":3}},{"start":{"line":41,"column":9},"end":{"line":45,"column":3}}],"line":39},"1":{"loc":{"start":{"line":41,"column":9},"end":{"line":45,"column":3}},"type":"if","locations":[{"start":{"line":41,"column":9},"end":{"line":45,"column":3}},{"start":{"line":43,"column":9},"end":{"line":45,"column":3}}],"line":41},"2":{"loc":{"start":{"line":43,"column":9},"end":{"line":45,"column":3}},"type":"if","locations":[{"start":{"line":43,"column":9},"end":{"line":45,"column":3}},{"start":{},"end":{}}],"line":43},"3":{"loc":{"start":{"line":54,"column":0},"end":{"line":56,"column":1}},"type":"if","locations":[{"start":{"line":54,"column":0},"end":{"line":56,"column":1}},{"start":{},"end":{}}],"line":54}},"s":{"0":1,"1":1,"2":1,"3":1,"4":1,"5":1,"6":1,"7":1,"8":1,"9":1,"10":1,"11":1,"12":1,"13":1,"14":0,"15":1,"16":0,"17":1,"18":1,"19":1,"20":1,"21":1,"22":1,"23":0,"24":1,"25":1,"26":1,"27":1,"28":1},"f":{"0":1,"1":1},"b":{"0":[0,1],"1":[0,1],"2":[1,0],"3":[0,1]},"inputSourceMap":null,"_coverageSchema":"1a1c01bbd47fc00a2c39e90264f33305004495a9","hash":"d8a2a8b6165f20b9a6b01fd0f8102445e288b0fc"}
,"C:\\Users\\User\\Documents\\Proyectos desarrollo\\Electiva 2 (Desarrollo de software 2)\\copia con arquitetura hexagonal\\Product-Prowess\\scr\\application\\services\\commentService.js": {"path":"C:\\Users\\User\\Documents\\Proyectos desarrollo\\Electiva 2 (Desarrollo de software 2)\\copia con arquitetura hexagonal\\Product-Prowess\\scr\\application\\services\\commentService.js","statementMap":{"0":{"start":{"line":2,"column":21},"end":{"line":2,"column":73}},"1":{"start":{"line":3,"column":16},"end":{"line":3,"column":56}},"2":{"start":{"line":4,"column":22},"end":{"line":4,"column":74}},"3":{"start":{"line":8,"column":8},"end":{"line":29,"column":9}},"4":{"start":{"line":9,"column":37},"end":{"line":9,"column":48}},"5":{"start":{"line":11,"column":12},"end":{"line":15,"column":13}},"6":{"start":{"line":12,"column":16},"end":{"line":12,"column":74}},"7":{"start":{"line":14,"column":16},"end":{"line":14,"column":81}},"8":{"start":{"line":18,"column":28},"end":{"line":18,"column":73}},"9":{"start":{"line":19,"column":31},"end":{"line":19,"column":65}},"10":{"start":{"line":20,"column":12},"end":{"line":20,"column":36}},"11":{"start":{"line":22,"column":29},"end":{"line":22,"column":67}},"12":{"start":{"line":23,"column":31},"end":{"line":23,"column":81}},"13":{"start":{"line":23,"column":62},"end":{"line":23,"column":77}},"14":{"start":{"line":24,"column":32},"end":{"line":24,"column":60}},"15":{"start":{"line":25,"column":12},"end":{"line":25,"column":54}},"16":{"start":{"line":26,"column":12},"end":{"line":26,"column":41}},"17":{"start":{"line":28,"column":12},"end":{"line":28,"column":35}},"18":{"start":{"line":34,"column":0},"end":{"line":34,"column":39}}},"fnMap":{"0":{"name":"(anonymous_0)","decl":{"start":{"line":7,"column":4},"end":{"line":7,"column":5}},"loc":{"start":{"line":7,"column":56},"end":{"line":30,"column":5}},"line":7},"1":{"name":"(anonymous_1)","decl":{"start":{"line":23,"column":47},"end":{"line":23,"column":48}},"loc":{"start":{"line":23,"column":62},"end":{"line":23,"column":77}},"line":23}},"branchMap":{},"s":{"0":1,"1":1,"2":1,"3":0,"4":0,"5":0,"6":0,"7":0,"8":0,"9":0,"10":0,"11":0,"12":0,"13":0,"14":0,"15":0,"16":0,"17":0,"18":1},"f":{"0":0,"1":0},"b":{},"inputSourceMap":null,"_coverageSchema":"1a1c01bbd47fc00a2c39e90264f33305004495a9","hash":"84ccd3a646989804c8e64e5d0cd323647816f124"}
,"C:\\Users\\User\\Documents\\Proyectos desarrollo\\Electiva 2 (Desarrollo de software 2)\\copia con arquitetura hexagonal\\Product-Prowess\\scr\\application\\services\\productService.js": {"path":"C:\\Users\\User\\Documents\\Proyectos desarrollo\\Electiva 2 (Desarrollo de software 2)\\copia con arquitetura hexagonal\\Product-Prowess\\scr\\application\\services\\productService.js","statementMap":{"0":{"start":{"line":2,"column":22},"end":{"line":2,"column":74}},"1":{"start":{"line":3,"column":16},"end":{"line":3,"column":55}},"2":{"start":{"line":7,"column":8},"end":{"line":22,"column":9}},"3":{"start":{"line":8,"column":60},"end":{"line":8,"column":71}},"4":{"start":{"line":9,"column":36},"end":{"line":9,"column":88}},"5":{"start":{"line":11,"column":12},"end":{"line":13,"column":13}},"6":{"start":{"line":12,"column":16},"end":{"line":12,"column":58}},"7":{"start":{"line":15,"column":12},"end":{"line":15,"column":44}},"8":{"start":{"line":16,"column":28},"end":{"line":16,"column":84}},"9":{"start":{"line":17,"column":31},"end":{"line":17,"column":66}},"10":{"start":{"line":18,"column":12},"end":{"line":18,"column":36}},"11":{"start":{"line":19,"column":12},"end":{"line":19,"column":30}},"12":{"start":{"line":21,"column":12},"end":{"line":21,"column":35}},"13":{"start":{"line":26,"column":8},"end":{"line":44,"column":9}},"14":{"start":{"line":27,"column":49},"end":{"line":27,"column":60}},"15":{"start":{"line":28,"column":12},"end":{"line":38,"column":13}},"16":{"start":{"line":29,"column":32},"end":{"line":29,"column":95}},"17":{"start":{"line":30,"column":16},"end":{"line":30,"column":47}},"18":{"start":{"line":31,"column":16},"end":{"line":31,"column":50}},"19":{"start":{"line":32,"column":16},"end":{"line":32,"column":50}},"20":{"start":{"line":34,"column":16},"end":{"line":34,"column":37}},"21":{"start":{"line":35,"column":16},"end":{"line":35,"column":31}},"22":{"start":{"line":37,"column":16},"end":{"line":37,"column":94}},"23":{"start":{"line":43,"column":12},"end":{"line":43,"column":35}},"24":{"start":{"line":48,"column":8},"end":{"line":64,"column":9}},"25":{"start":{"line":50,"column":12},"end":{"line":54,"column":13}},"26":{"start":{"line":51,"column":16},"end":{"line":51,"column":86}},"27":{"start":{"line":53,"column":16},"end":{"line":53,"column":93}},"28":{"start":{"line":56,"column":12},"end":{"line":58,"column":13}},"29":{"start":{"line":57,"column":16},"end":{"line":57,"column":93}},"30":{"start":{"line":60,"column":12},"end":{"line":60,"column":62}},"31":{"start":{"line":63,"column":12},"end":{"line":63,"column":35}},"32":{"start":{"line":70,"column":0},"end":{"line":70,"column":39}}},"fnMap":{"0":{"name":"(anonymous_0)","decl":{"start":{"line":6,"column":4},"end":{"line":6,"column":5}},"loc":{"start":{"line":6,"column":45},"end":{"line":23,"column":5}},"line":6},"1":{"name":"(anonymous_1)","decl":{"start":{"line":25,"column":4},"end":{"line":25,"column":5}},"loc":{"start":{"line":25,"column":56},"end":{"line":45,"column":5}},"line":25},"2":{"name":"(anonymous_2)","decl":{"start":{"line":47,"column":4},"end":{"line":47,"column":5}},"loc":{"start":{"line":47,"column":39},"end":{"line":65,"column":5}},"line":47}},"branchMap":{"0":{"loc":{"start":{"line":11,"column":12},"end":{"line":13,"column":13}},"type":"if","locations":[{"start":{"line":11,"column":12},"end":{"line":13,"column":13}},{"start":{},"end":{}}],"line":11},"1":{"loc":{"start":{"line":56,"column":12},"end":{"line":58,"column":13}},"type":"if","locations":[{"start":{"line":56,"column":12},"end":{"line":58,"column":13}},{"start":{},"end":{}}],"line":56}},"s":{"0":1,"1":1,"2":0,"3":0,"4":0,"5":0,"6":0,"7":0,"8":0,"9":0,"10":0,"11":0,"12":0,"13":0,"14":0,"15":0,"16":0,"17":0,"18":0,"19":0,"20":0,"21":0,"22":0,"23":0,"24":0,"25":0,"26":0,"27":0,"28":0,"29":0,"30":0,"31":0,"32":1},"f":{"0":0,"1":0,"2":0},"b":{"0":[0,0],"1":[0,0]},"inputSourceMap":null,"_coverageSchema":"1a1c01bbd47fc00a2c39e90264f33305004495a9","hash":"0b5e1bad04c6866fa62b27af2a903836d129c4b5"}
,"C:\\Users\\User\\Documents\\Proyectos desarrollo\\Electiva 2 (Desarrollo de software 2)\\copia con arquitetura hexagonal\\Product-Prowess\\scr\\application\\services\\userService.js": {"path":"C:\\Users\\User\\Documents\\Proyectos desarrollo\\Electiva 2 (Desarrollo de software 2)\\copia con arquitetura hexagonal\\Product-Prowess\\scr\\application\\services\\userService.js","statementMap":{"0":{"start":{"line":1,"column":14},"end":{"line":1,"column":51}},"1":{"start":{"line":2,"column":18},"end":{"line":2,"column":67}},"2":{"start":{"line":6,"column":8},"end":{"line":15,"column":9}},"3":{"start":{"line":7,"column":66},"end":{"line":7,"column":74}},"4":{"start":{"line":8,"column":25},"end":{"line":8,"column":77}},"5":{"start":{"line":9,"column":28},"end":{"line":9,"column":56}},"6":{"start":{"line":10,"column":12},"end":{"line":10,"column":79}},"7":{"start":{"line":11,"column":12},"end":{"line":11,"column":33}},"8":{"start":{"line":12,"column":12},"end":{"line":12,"column":27}},"9":{"start":{"line":14,"column":12},"end":{"line":14,"column":35}},"10":{"start":{"line":19,"column":8},"end":{"line":45,"column":9}},"11":{"start":{"line":20,"column":46},"end":{"line":20,"column":54}},"12":{"start":{"line":22,"column":25},"end":{"line":22,"column":57}},"13":{"start":{"line":24,"column":12},"end":{"line":26,"column":13}},"14":{"start":{"line":25,"column":16},"end":{"line":25,"column":50}},"15":{"start":{"line":28,"column":12},"end":{"line":28,"column":40}},"16":{"start":{"line":30,"column":12},"end":{"line":32,"column":13}},"17":{"start":{"line":31,"column":16},"end":{"line":31,"column":41}},"18":{"start":{"line":33,"column":12},"end":{"line":35,"column":13}},"19":{"start":{"line":34,"column":16},"end":{"line":34,"column":31}},"20":{"start":{"line":36,"column":12},"end":{"line":38,"column":13}},"21":{"start":{"line":37,"column":16},"end":{"line":37,"column":37}},"22":{"start":{"line":40,"column":12},"end":{"line":40,"column":30}},"23":{"start":{"line":42,"column":12},"end":{"line":42,"column":24}},"24":{"start":{"line":44,"column":12},"end":{"line":44,"column":35}},"25":{"start":{"line":49,"column":8},"end":{"line":66,"column":9}},"26":{"start":{"line":50,"column":25},"end":{"line":50,"column":59}},"27":{"start":{"line":52,"column":12},"end":{"line":54,"column":13}},"28":{"start":{"line":53,"column":16},"end":{"line":53,"column":58}},"29":{"start":{"line":56,"column":34},"end":{"line":56,"column":85}},"30":{"start":{"line":58,"column":12},"end":{"line":60,"column":13}},"31":{"start":{"line":59,"column":16},"end":{"line":59,"column":53}},"32":{"start":{"line":62,"column":12},"end":{"line":62,"column":23}},"33":{"start":{"line":65,"column":12},"end":{"line":65,"column":35}},"34":{"start":{"line":71,"column":0},"end":{"line":71,"column":35}}},"fnMap":{"0":{"name":"(anonymous_0)","decl":{"start":{"line":5,"column":4},"end":{"line":5,"column":5}},"loc":{"start":{"line":5,"column":32},"end":{"line":16,"column":5}},"line":5},"1":{"name":"(anonymous_1)","decl":{"start":{"line":18,"column":4},"end":{"line":18,"column":5}},"loc":{"start":{"line":18,"column":40},"end":{"line":46,"column":5}},"line":18},"2":{"name":"(anonymous_2)","decl":{"start":{"line":48,"column":4},"end":{"line":48,"column":5}},"loc":{"start":{"line":48,"column":38},"end":{"line":67,"column":5}},"line":48}},"branchMap":{"0":{"loc":{"start":{"line":24,"column":12},"end":{"line":26,"column":13}},"type":"if","locations":[{"start":{"line":24,"column":12},"end":{"line":26,"column":13}},{"start":{},"end":{}}],"line":24},"1":{"loc":{"start":{"line":30,"column":12},"end":{"line":32,"column":13}},"type":"if","locations":[{"start":{"line":30,"column":12},"end":{"line":32,"column":13}},{"start":{},"end":{}}],"line":30},"2":{"loc":{"start":{"line":33,"column":12},"end":{"line":35,"column":13}},"type":"if","locations":[{"start":{"line":33,"column":12},"end":{"line":35,"column":13}},{"start":{},"end":{}}],"line":33},"3":{"loc":{"start":{"line":36,"column":12},"end":{"line":38,"column":13}},"type":"if","locations":[{"start":{"line":36,"column":12},"end":{"line":38,"column":13}},{"start":{},"end":{}}],"line":36},"4":{"loc":{"start":{"line":52,"column":12},"end":{"line":54,"column":13}},"type":"if","locations":[{"start":{"line":52,"column":12},"end":{"line":54,"column":13}},{"start":{},"end":{}}],"line":52},"5":{"loc":{"start":{"line":58,"column":12},"end":{"line":60,"column":13}},"type":"if","locations":[{"start":{"line":58,"column":12},"end":{"line":60,"column":13}},{"start":{},"end":{}}],"line":58}},"s":{"0":1,"1":1,"2":1,"3":1,"4":1,"5":1,"6":1,"7":1,"8":1,"9":0,"10":0,"11":0,"12":0,"13":0,"14":0,"15":0,"16":0,"17":0,"18":0,"19":0,"20":0,"21":0,"22":0,"23":0,"24":0,"25":0,"26":0,"27":0,"28":0,"29":0,"30":0,"31":0,"32":0,"33":0,"34":1},"f":{"0":1,"1":0,"2":0},"b":{"0":[0,0],"1":[0,0],"2":[0,0],"3":[0,0],"4":[0,0],"5":[0,0]},"inputSourceMap":null,"_coverageSchema":"1a1c01bbd47fc00a2c39e90264f33305004495a9","hash":"f554c347aad4e32271465611c82a09d5c0a327e2"}
,"C:\\Users\\User\\Documents\\Proyectos desarrollo\\Electiva 2 (Desarrollo de software 2)\\copia con arquitetura hexagonal\\Product-Prowess\\scr\\domain\\entities\\comment.js": {"path":"C:\\Users\\User\\Documents\\Proyectos desarrollo\\Electiva 2 (Desarrollo de software 2)\\copia con arquitetura hexagonal\\Product-Prowess\\scr\\domain\\entities\\comment.js","statementMap":{"0":{"start":{"line":3,"column":8},"end":{"line":3,"column":35}},"1":{"start":{"line":4,"column":8},"end":{"line":4,"column":29}},"2":{"start":{"line":5,"column":8},"end":{"line":5,"column":31}},"3":{"start":{"line":6,"column":8},"end":{"line":6,"column":25}},"4":{"start":{"line":7,"column":8},"end":{"line":7,"column":36}},"5":{"start":{"line":8,"column":8},"end":{"line":8,"column":36}},"6":{"start":{"line":12,"column":0},"end":{"line":12,"column":25}}},"fnMap":{"0":{"name":"(anonymous_0)","decl":{"start":{"line":2,"column":4},"end":{"line":2,"column":5}},"loc":{"start":{"line":2,"column":50},"end":{"line":9,"column":5}},"line":2}},"branchMap":{},"s":{"0":0,"1":0,"2":0,"3":0,"4":0,"5":0,"6":1},"f":{"0":0},"b":{},"inputSourceMap":null,"_coverageSchema":"1a1c01bbd47fc00a2c39e90264f33305004495a9","hash":"b860c773515eb05a274a2ddb953a853b490beea6"}
,"C:\\Users\\User\\Documents\\Proyectos desarrollo\\Electiva 2 (Desarrollo de software 2)\\copia con arquitetura hexagonal\\Product-Prowess\\scr\\domain\\entities\\produc.js": {"path":"C:\\Users\\User\\Documents\\Proyectos desarrollo\\Electiva 2 (Desarrollo de software 2)\\copia con arquitetura hexagonal\\Product-Prowess\\scr\\domain\\entities\\produc.js","statementMap":{"0":{"start":{"line":3,"column":8},"end":{"line":3,"column":39}},"1":{"start":{"line":4,"column":8},"end":{"line":4,"column":39}},"2":{"start":{"line":5,"column":8},"end":{"line":5,"column":23}},"3":{"start":{"line":6,"column":8},"end":{"line":6,"column":25}},"4":{"start":{"line":7,"column":8},"end":{"line":7,"column":29}},"5":{"start":{"line":8,"column":8},"end":{"line":8,"column":29}},"6":{"start":{"line":9,"column":8},"end":{"line":9,"column":36}},"7":{"start":{"line":10,"column":8},"end":{"line":10,"column":36}},"8":{"start":{"line":14,"column":0},"end":{"line":14,"column":25}}},"fnMap":{"0":{"name":"(anonymous_0)","decl":{"start":{"line":2,"column":4},"end":{"line":2,"column":5}},"loc":{"start":{"line":2,"column":61},"end":{"line":11,"column":5}},"line":2}},"branchMap":{},"s":{"0":0,"1":0,"2":0,"3":0,"4":0,"5":0,"6":0,"7":0,"8":1},"f":{"0":0},"b":{},"inputSourceMap":null,"_coverageSchema":"1a1c01bbd47fc00a2c39e90264f33305004495a9","hash":"14863e96ac91e54892a75b35318bb4f08a756599"}
,"C:\\Users\\User\\Documents\\Proyectos desarrollo\\Electiva 2 (Desarrollo de software 2)\\copia con arquitetura hexagonal\\Product-Prowess\\scr\\domain\\entities\\user.js": {"path":"C:\\Users\\User\\Documents\\Proyectos desarrollo\\Electiva 2 (Desarrollo de software 2)\\copia con arquitetura hexagonal\\Product-Prowess\\scr\\domain\\entities\\user.js","statementMap":{"0":{"start":{"line":3,"column":8},"end":{"line":3,"column":33}},"1":{"start":{"line":4,"column":8},"end":{"line":4,"column":27}},"2":{"start":{"line":5,"column":8},"end":{"line":5,"column":33}},"3":{"start":{"line":6,"column":8},"end":{"line":6,"column":23}},"4":{"start":{"line":7,"column":8},"end":{"line":7,"column":29}},"5":{"start":{"line":8,"column":8},"end":{"line":8,"column":36}},"6":{"start":{"line":9,"column":8},"end":{"line":9,"column":36}},"7":{"start":{"line":13,"column":0},"end":{"line":13,"column":22}}},"fnMap":{"0":{"name":"(anonymous_0)","decl":{"start":{"line":2,"column":4},"end":{"line":2,"column":5}},"loc":{"start":{"line":2,"column":56},"end":{"line":10,"column":5}},"line":2}},"branchMap":{},"s":{"0":1,"1":1,"2":1,"3":1,"4":1,"5":1,"6":1,"7":1},"f":{"0":1},"b":{},"inputSourceMap":null,"_coverageSchema":"1a1c01bbd47fc00a2c39e90264f33305004495a9","hash":"3d311c9e89c3918a0726f941019522fb5c8a610f"}
,"C:\\Users\\User\\Documents\\Proyectos desarrollo\\Electiva 2 (Desarrollo de software 2)\\copia con arquitetura hexagonal\\Product-Prowess\\scr\\infrastructure\\controllers\\commentsController.js": {"path":"C:\\Users\\User\\Documents\\Proyectos desarrollo\\Electiva 2 (Desarrollo de software 2)\\copia con arquitetura hexagonal\\Product-Prowess\\scr\\infrastructure\\controllers\\commentsController.js","statementMap":{"0":{"start":{"line":1,"column":21},"end":{"line":1,"column":39}},"1":{"start":{"line":2,"column":12},"end":{"line":2,"column":35}},"2":{"start":{"line":3,"column":23},"end":{"line":3,"column":75}},"3":{"start":{"line":4,"column":24},"end":{"line":4,"column":52}},"4":{"start":{"line":5,"column":17},"end":{"line":5,"column":51}},"5":{"start":{"line":6,"column":17},"end":{"line":6,"column":51}},"6":{"start":{"line":7,"column":14},"end":{"line":7,"column":45}},"7":{"start":{"line":8,"column":15},"end":{"line":8,"column":33}},"8":{"start":{"line":10,"column":22},"end":{"line":62,"column":1}},"9":{"start":{"line":11,"column":22},"end":{"line":11,"column":35}},"10":{"start":{"line":12,"column":29},"end":{"line":12,"column":37}},"11":{"start":{"line":13,"column":16},"end":{"line":13,"column":41}},"12":{"start":{"line":15,"column":4},"end":{"line":22,"column":5}},"13":{"start":{"line":16,"column":8},"end":{"line":21,"column":11}},"14":{"start":{"line":24,"column":4},"end":{"line":61,"column":5}},"15":{"start":{"line":25,"column":8},"end":{"line":25,"column":36}},"16":{"start":{"line":26,"column":23},"end":{"line":26,"column":55}},"17":{"start":{"line":27,"column":28},"end":{"line":27,"column":44}},"18":{"start":{"line":28,"column":27},"end":{"line":28,"column":93}},"19":{"start":{"line":30,"column":8},"end":{"line":35,"column":11}},"20":{"start":{"line":37,"column":8},"end":{"line":44,"column":9}},"21":{"start":{"line":38,"column":12},"end":{"line":43,"column":15}},"22":{"start":{"line":45,"column":8},"end":{"line":52,"column":9}},"23":{"start":{"line":46,"column":12},"end":{"line":51,"column":15}},"24":{"start":{"line":53,"column":8},"end":{"line":53,"column":26}},"25":{"start":{"line":54,"column":8},"end":{"line":59,"column":11}},"26":{"start":{"line":64,"column":34},"end":{"line":79,"column":1}},"27":{"start":{"line":65,"column":21},"end":{"line":65,"column":64}},"28":{"start":{"line":66,"column":23},"end":{"line":66,"column":25}},"29":{"start":{"line":67,"column":4},"end":{"line":70,"column":5}},"30":{"start":{"line":68,"column":21},"end":{"line":68,"column":63}},"31":{"start":{"line":69,"column":8},"end":{"line":69,"column":39}},"32":{"start":{"line":72,"column":29},"end":{"line":77,"column":7}},"33":{"start":{"line":72,"column":63},"end":{"line":77,"column":5}},"34":{"start":{"line":78,"column":4},"end":{"line":78,"column":27}},"35":{"start":{"line":81,"column":34},"end":{"line":126,"column":1}},"36":{"start":{"line":82,"column":22},"end":{"line":82,"column":35}},"37":{"start":{"line":83,"column":16},"end":{"line":83,"column":41}},"38":{"start":{"line":85,"column":4},"end":{"line":92,"column":5}},"39":{"start":{"line":86,"column":8},"end":{"line":91,"column":11}},"40":{"start":{"line":94,"column":4},"end":{"line":125,"column":5}},"41":{"start":{"line":95,"column":8},"end":{"line":95,"column":36}},"42":{"start":{"line":96,"column":23},"end":{"line":96,"column":55}},"43":{"start":{"line":99,"column":8},"end":{"line":108,"column":9}},"44":{"start":{"line":100,"column":12},"end":{"line":100,"column":65}},"45":{"start":{"line":102,"column":12},"end":{"line":107,"column":15}},"46":{"start":{"line":110,"column":25},"end":{"line":110,"column":67}},"47":{"start":{"line":112,"column":8},"end":{"line":117,"column":11}},"48":{"start":{"line":119,"column":8},"end":{"line":124,"column":11}},"49":{"start":{"line":129,"column":0},"end":{"line":133,"column":2}}},"fnMap":{"0":{"name":"(anonymous_0)","decl":{"start":{"line":10,"column":22},"end":{"line":10,"column":23}},"loc":{"start":{"line":10,"column":53},"end":{"line":62,"column":1}},"line":10},"1":{"name":"(anonymous_1)","decl":{"start":{"line":64,"column":34},"end":{"line":64,"column":35}},"loc":{"start":{"line":64,"column":52},"end":{"line":79,"column":1}},"line":64},"2":{"name":"(anonymous_2)","decl":{"start":{"line":72,"column":42},"end":{"line":72,"column":43}},"loc":{"start":{"line":72,"column":63},"end":{"line":77,"column":5}},"line":72},"3":{"name":"(anonymous_3)","decl":{"start":{"line":81,"column":34},"end":{"line":81,"column":35}},"loc":{"start":{"line":81,"column":65},"end":{"line":126,"column":1}},"line":81}},"branchMap":{"0":{"loc":{"start":{"line":10,"column":34},"end":{"line":10,"column":48}},"type":"default-arg","locations":[{"start":{"line":10,"column":40},"end":{"line":10,"column":48}}],"line":10},"1":{"loc":{"start":{"line":15,"column":4},"end":{"line":22,"column":5}},"type":"if","locations":[{"start":{"line":15,"column":4},"end":{"line":22,"column":5}},{"start":{},"end":{}}],"line":15},"2":{"loc":{"start":{"line":37,"column":8},"end":{"line":44,"column":9}},"type":"if","locations":[{"start":{"line":37,"column":8},"end":{"line":44,"column":9}},{"start":{},"end":{}}],"line":37},"3":{"loc":{"start":{"line":45,"column":8},"end":{"line":52,"column":9}},"type":"if","locations":[{"start":{"line":45,"column":8},"end":{"line":52,"column":9}},{"start":{},"end":{}}],"line":45},"4":{"loc":{"start":{"line":81,"column":46},"end":{"line":81,"column":60}},"type":"default-arg","locations":[{"start":{"line":81,"column":52},"end":{"line":81,"column":60}}],"line":81},"5":{"loc":{"start":{"line":85,"column":4},"end":{"line":92,"column":5}},"type":"if","locations":[{"start":{"line":85,"column":4},"end":{"line":92,"column":5}},{"start":{},"end":{}}],"line":85}},"s":{"0":1,"1":1,"2":1,"3":1,"4":1,"5":1,"6":1,"7":1,"8":1,"9":0,"10":0,"11":0,"12":0,"13":0,"14":0,"15":0,"16":0,"17":0,"18":0,"19":0,"20":0,"21":0,"22":0,"23":0,"24":0,"25":0,"26":1,"27":0,"28":0,"29":0,"30":0,"31":0,"32":0,"33":0,"34":0,"35":1,"36":0,"37":0,"38":0,"39":0,"40":0,"41":0,"42":0,"43":0,"44":0,"45":0,"46":0,"47":0,"48":0,"49":1},"f":{"0":0,"1":0,"2":0,"3":0},"b":{"0":[0],"1":[0,0],"2":[0,0],"3":[0,0],"4":[0],"5":[0,0]},"inputSourceMap":null,"_coverageSchema":"1a1c01bbd47fc00a2c39e90264f33305004495a9","hash":"ddad8a84ec942639c17d758a8a043e2da2bf4ab7"}
,"C:\\Users\\User\\Documents\\Proyectos desarrollo\\Electiva 2 (Desarrollo de software 2)\\copia con arquitetura hexagonal\\Product-Prowess\\scr\\infrastructure\\controllers\\productsController.js": {"path":"C:\\Users\\User\\Documents\\Proyectos desarrollo\\Electiva 2 (Desarrollo de software 2)\\copia con arquitetura hexagonal\\Product-Prowess\\scr\\infrastructure\\controllers\\productsController.js","statementMap":{"0":{"start":{"line":1,"column":21},"end":{"line":1,"column":39}},"1":{"start":{"line":2,"column":17},"end":{"line":2,"column":51}},"2":{"start":{"line":3,"column":14},"end":{"line":3,"column":45}},"3":{"start":{"line":4,"column":23},"end":{"line":4,"column":75}},"4":{"start":{"line":5,"column":24},"end":{"line":5,"column":52}},"5":{"start":{"line":6,"column":38},"end":{"line":6,"column":69}},"6":{"start":{"line":7,"column":17},"end":{"line":7,"column":36}},"7":{"start":{"line":8,"column":15},"end":{"line":8,"column":33}},"8":{"start":{"line":10,"column":22},"end":{"line":59,"column":1}},"9":{"start":{"line":11,"column":52},"end":{"line":11,"column":60}},"10":{"start":{"line":12,"column":16},"end":{"line":12,"column":41}},"11":{"start":{"line":14,"column":4},"end":{"line":21,"column":5}},"12":{"start":{"line":15,"column":8},"end":{"line":20,"column":11}},"13":{"start":{"line":23,"column":4},"end":{"line":58,"column":5}},"14":{"start":{"line":24,"column":8},"end":{"line":24,"column":36}},"15":{"start":{"line":25,"column":23},"end":{"line":25,"column":55}},"16":{"start":{"line":27,"column":28},"end":{"line":27,"column":67}},"17":{"start":{"line":28,"column":27},"end":{"line":28,"column":82}},"18":{"start":{"line":30,"column":8},"end":{"line":33,"column":11}},"19":{"start":{"line":35,"column":8},"end":{"line":42,"column":9}},"20":{"start":{"line":36,"column":12},"end":{"line":41,"column":15}},"21":{"start":{"line":43,"column":8},"end":{"line":50,"column":9}},"22":{"start":{"line":44,"column":12},"end":{"line":49,"column":15}},"23":{"start":{"line":51,"column":8},"end":{"line":56,"column":11}},"24":{"start":{"line":61,"column":22},"end":{"line":117,"column":1}},"25":{"start":{"line":62,"column":22},"end":{"line":62,"column":35}},"26":{"start":{"line":63,"column":41},"end":{"line":63,"column":49}},"27":{"start":{"line":64,"column":16},"end":{"line":64,"column":41}},"28":{"start":{"line":66,"column":4},"end":{"line":73,"column":5}},"29":{"start":{"line":67,"column":8},"end":{"line":72,"column":11}},"30":{"start":{"line":75,"column":4},"end":{"line":116,"column":5}},"31":{"start":{"line":76,"column":8},"end":{"line":76,"column":36}},"32":{"start":{"line":78,"column":23},"end":{"line":78,"column":55}},"33":{"start":{"line":80,"column":28},"end":{"line":80,"column":54}},"34":{"start":{"line":81,"column":31},"end":{"line":81,"column":97}},"35":{"start":{"line":83,"column":8},"end":{"line":88,"column":11}},"36":{"start":{"line":92,"column":8},"end":{"line":99,"column":9}},"37":{"start":{"line":93,"column":12},"end":{"line":98,"column":15}},"38":{"start":{"line":101,"column":8},"end":{"line":108,"column":9}},"39":{"start":{"line":102,"column":12},"end":{"line":107,"column":15}},"40":{"start":{"line":109,"column":8},"end":{"line":109,"column":34}},"41":{"start":{"line":110,"column":8},"end":{"line":115,"column":11}},"42":{"start":{"line":119,"column":22},"end":{"line":172,"column":1}},"43":{"start":{"line":120,"column":22},"end":{"line":120,"column":35}},"44":{"start":{"line":121,"column":16},"end":{"line":121,"column":41}},"45":{"start":{"line":123,"column":4},"end":{"line":130,"column":5}},"46":{"start":{"line":124,"column":8},"end":{"line":129,"column":11}},"47":{"start":{"line":132,"column":4},"end":{"line":170,"column":5}},"48":{"start":{"line":133,"column":8},"end":{"line":133,"column":36}},"49":{"start":{"line":134,"column":23},"end":{"line":134,"column":55}},"50":{"start":{"line":135,"column":30},"end":{"line":135,"column":83}},"51":{"start":{"line":137,"column":8},"end":{"line":142,"column":11}},"52":{"start":{"line":146,"column":8},"end":{"line":146,"column":26}},"53":{"start":{"line":147,"column":8},"end":{"line":154,"column":9}},"54":{"start":{"line":148,"column":12},"end":{"line":153,"column":15}},"55":{"start":{"line":155,"column":8},"end":{"line":162,"column":9}},"56":{"start":{"line":156,"column":12},"end":{"line":161,"column":15}},"57":{"start":{"line":163,"column":8},"end":{"line":168,"column":11}},"58":{"start":{"line":174,"column":26},"end":{"line":234,"column":1}},"59":{"start":{"line":175,"column":22},"end":{"line":175,"column":35}},"60":{"start":{"line":176,"column":16},"end":{"line":176,"column":41}},"61":{"start":{"line":178,"column":4},"end":{"line":185,"column":5}},"62":{"start":{"line":179,"column":8},"end":{"line":184,"column":11}},"63":{"start":{"line":187,"column":4},"end":{"line":230,"column":5}},"64":{"start":{"line":188,"column":8},"end":{"line":188,"column":36}},"65":{"start":{"line":190,"column":23},"end":{"line":190,"column":55}},"66":{"start":{"line":191,"column":30},"end":{"line":191,"column":32}},"67":{"start":{"line":192,"column":8},"end":{"line":201,"column":9}},"68":{"start":{"line":193,"column":12},"end":{"line":193,"column":73}},"69":{"start":{"line":195,"column":12},"end":{"line":200,"column":15}},"70":{"start":{"line":204,"column":21},"end":{"line":204,"column":57}},"71":{"start":{"line":205,"column":25},"end":{"line":205,"column":67}},"72":{"start":{"line":207,"column":8},"end":{"line":220,"column":11}},"73":{"start":{"line":224,"column":8},"end":{"line":229,"column":11}},"74":{"start":{"line":236,"column":34},"end":{"line":289,"column":1}},"75":{"start":{"line":237,"column":26},"end":{"line":237,"column":35}},"76":{"start":{"line":239,"column":16},"end":{"line":239,"column":41}},"77":{"start":{"line":240,"column":4},"end":{"line":247,"column":5}},"78":{"start":{"line":241,"column":8},"end":{"line":246,"column":11}},"79":{"start":{"line":249,"column":4},"end":{"line":288,"column":5}},"80":{"start":{"line":250,"column":8},"end":{"line":250,"column":36}},"81":{"start":{"line":251,"column":23},"end":{"line":251,"column":55}},"82":{"start":{"line":252,"column":23},"end":{"line":252,"column":25}},"83":{"start":{"line":253,"column":8},"end":{"line":262,"column":9}},"84":{"start":{"line":254,"column":12},"end":{"line":254,"column":69}},"85":{"start":{"line":256,"column":12},"end":{"line":261,"column":15}},"86":{"start":{"line":265,"column":8},"end":{"line":272,"column":9}},"87":{"start":{"line":266,"column":12},"end":{"line":271,"column":15}},"88":{"start":{"line":274,"column":8},"end":{"line":279,"column":11}},"89":{"start":{"line":282,"column":8},"end":{"line":287,"column":11}},"90":{"start":{"line":291,"column":37},"end":{"line":340,"column":1}},"91":{"start":{"line":292,"column":22},"end":{"line":292,"column":35}},"92":{"start":{"line":293,"column":16},"end":{"line":293,"column":41}},"93":{"start":{"line":295,"column":4},"end":{"line":302,"column":5}},"94":{"start":{"line":296,"column":8},"end":{"line":301,"column":11}},"95":{"start":{"line":304,"column":4},"end":{"line":336,"column":5}},"96":{"start":{"line":305,"column":8},"end":{"line":305,"column":36}},"97":{"start":{"line":307,"column":23},"end":{"line":307,"column":55}},"98":{"start":{"line":308,"column":30},"end":{"line":308,"column":32}},"99":{"start":{"line":309,"column":8},"end":{"line":318,"column":9}},"100":{"start":{"line":310,"column":12},"end":{"line":310,"column":73}},"101":{"start":{"line":312,"column":12},"end":{"line":317,"column":15}},"102":{"start":{"line":321,"column":8},"end":{"line":326,"column":11}},"103":{"start":{"line":330,"column":8},"end":{"line":335,"column":11}},"104":{"start":{"line":342,"column":23},"end":{"line":366,"column":1}},"105":{"start":{"line":343,"column":22},"end":{"line":343,"column":35}},"106":{"start":{"line":344,"column":4},"end":{"line":362,"column":5}},"107":{"start":{"line":345,"column":25},"end":{"line":345,"column":48}},"108":{"start":{"line":347,"column":8},"end":{"line":352,"column":11}},"109":{"start":{"line":356,"column":8},"end":{"line":361,"column":11}},"110":{"start":{"line":370,"column":0},"end":{"line":378,"column":2}}},"fnMap":{"0":{"name":"(anonymous_0)","decl":{"start":{"line":10,"column":22},"end":{"line":10,"column":23}},"loc":{"start":{"line":10,"column":53},"end":{"line":59,"column":1}},"line":10},"1":{"name":"(anonymous_1)","decl":{"start":{"line":61,"column":22},"end":{"line":61,"column":23}},"loc":{"start":{"line":61,"column":53},"end":{"line":117,"column":1}},"line":61},"2":{"name":"(anonymous_2)","decl":{"start":{"line":119,"column":22},"end":{"line":119,"column":23}},"loc":{"start":{"line":119,"column":53},"end":{"line":172,"column":1}},"line":119},"3":{"name":"(anonymous_3)","decl":{"start":{"line":174,"column":26},"end":{"line":174,"column":27}},"loc":{"start":{"line":174,"column":57},"end":{"line":234,"column":1}},"line":174},"4":{"name":"(anonymous_4)","decl":{"start":{"line":236,"column":34},"end":{"line":236,"column":35}},"loc":{"start":{"line":236,"column":65},"end":{"line":289,"column":1}},"line":236},"5":{"name":"(anonymous_5)","decl":{"start":{"line":291,"column":37},"end":{"line":291,"column":38}},"loc":{"start":{"line":291,"column":68},"end":{"line":340,"column":1}},"line":291},"6":{"name":"(anonymous_6)","decl":{"start":{"line":342,"column":23},"end":{"line":342,"column":24}},"loc":{"start":{"line":342,"column":54},"end":{"line":366,"column":1}},"line":342}},"branchMap":{"0":{"loc":{"start":{"line":10,"column":34},"end":{"line":10,"column":48}},"type":"default-arg","locations":[{"start":{"line":10,"column":40},"end":{"line":10,"column":48}}],"line":10},"1":{"loc":{"start":{"line":14,"column":4},"end":{"line":21,"column":5}},"type":"if","locations":[{"start":{"line":14,"column":4},"end":{"line":21,"column":5}},{"start":{},"end":{}}],"line":14},"2":{"loc":{"start":{"line":35,"column":8},"end":{"line":42,"column":9}},"type":"if","locations":[{"start":{"line":35,"column":8},"end":{"line":42,"column":9}},{"start":{},"end":{}}],"line":35},"3":{"loc":{"start":{"line":43,"column":8},"end":{"line":50,"column":9}},"type":"if","locations":[{"start":{"line":43,"column":8},"end":{"line":50,"column":9}},{"start":{},"end":{}}],"line":43},"4":{"loc":{"start":{"line":61,"column":34},"end":{"line":61,"column":48}},"type":"default-arg","locations":[{"start":{"line":61,"column":40},"end":{"line":61,"column":48}}],"line":61},"5":{"loc":{"start":{"line":66,"column":4},"end":{"line":73,"column":5}},"type":"if","locations":[{"start":{"line":66,"column":4},"end":{"line":73,"column":5}},{"start":{},"end":{}}],"line":66},"6":{"loc":{"start":{"line":92,"column":8},"end":{"line":99,"column":9}},"type":"if","locations":[{"start":{"line":92,"column":8},"end":{"line":99,"column":9}},{"start":{},"end":{}}],"line":92},"7":{"loc":{"start":{"line":101,"column":8},"end":{"line":108,"column":9}},"type":"if","locations":[{"start":{"line":101,"column":8},"end":{"line":108,"column":9}},{"start":{},"end":{}}],"line":101},"8":{"loc":{"start":{"line":119,"column":34},"end":{"line":119,"column":48}},"type":"default-arg","locations":[{"start":{"line":119,"column":40},"end":{"line":119,"column":48}}],"line":119},"9":{"loc":{"start":{"line":123,"column":4},"end":{"line":130,"column":5}},"type":"if","locations":[{"start":{"line":123,"column":4},"end":{"line":130,"column":5}},{"start":{},"end":{}}],"line":123},"10":{"loc":{"start":{"line":147,"column":8},"end":{"line":154,"column":9}},"type":"if","locations":[{"start":{"line":147,"column":8},"end":{"line":154,"column":9}},{"start":{},"end":{}}],"line":147},"11":{"loc":{"start":{"line":155,"column":8},"end":{"line":162,"column":9}},"type":"if","locations":[{"start":{"line":155,"column":8},"end":{"line":162,"column":9}},{"start":{},"end":{}}],"line":155},"12":{"loc":{"start":{"line":174,"column":38},"end":{"line":174,"column":52}},"type":"default-arg","locations":[{"start":{"line":174,"column":44},"end":{"line":174,"column":52}}],"line":174},"13":{"loc":{"start":{"line":178,"column":4},"end":{"line":185,"column":5}},"type":"if","locations":[{"start":{"line":178,"column":4},"end":{"line":185,"column":5}},{"start":{},"end":{}}],"line":178},"14":{"loc":{"start":{"line":236,"column":46},"end":{"line":236,"column":60}},"type":"default-arg","locations":[{"start":{"line":236,"column":52},"end":{"line":236,"column":60}}],"line":236},"15":{"loc":{"start":{"line":240,"column":4},"end":{"line":247,"column":5}},"type":"if","locations":[{"start":{"line":240,"column":4},"end":{"line":247,"column":5}},{"start":{},"end":{}}],"line":240},"16":{"loc":{"start":{"line":253,"column":8},"end":{"line":262,"column":9}},"type":"if","locations":[{"start":{"line":253,"column":8},"end":{"line":262,"column":9}},{"start":{"line":255,"column":13},"end":{"line":262,"column":9}}],"line":253},"17":{"loc":{"start":{"line":265,"column":8},"end":{"line":272,"column":9}},"type":"if","locations":[{"start":{"line":265,"column":8},"end":{"line":272,"column":9}},{"start":{},"end":{}}],"line":265},"18":{"loc":{"start":{"line":265,"column":12},"end":{"line":265,"column":46}},"type":"binary-expr","locations":[{"start":{"line":265,"column":12},"end":{"line":265,"column":21}},{"start":{"line":265,"column":25},"end":{"line":265,"column":46}}],"line":265},"19":{"loc":{"start":{"line":291,"column":49},"end":{"line":291,"column":63}},"type":"default-arg","locations":[{"start":{"line":291,"column":55},"end":{"line":291,"column":63}}],"line":291},"20":{"loc":{"start":{"line":295,"column":4},"end":{"line":302,"column":5}},"type":"if","locations":[{"start":{"line":295,"column":4},"end":{"line":302,"column":5}},{"start":{},"end":{}}],"line":295},"21":{"loc":{"start":{"line":342,"column":35},"end":{"line":342,"column":49}},"type":"default-arg","locations":[{"start":{"line":342,"column":41},"end":{"line":342,"column":49}}],"line":342}},"s":{"0":1,"1":1,"2":1,"3":1,"4":1,"5":1,"6":1,"7":1,"8":1,"9":0,"10":0,"11":0,"12":0,"13":0,"14":0,"15":0,"16":0,"17":0,"18":0,"19":0,"20":0,"21":0,"22":0,"23":0,"24":1,"25":0,"26":0,"27":0,"28":0,"29":0,"30":0,"31":0,"32":0,"33":0,"34":0,"35":0,"36":0,"37":0,"38":0,"39":0,"40":0,"41":0,"42":1,"43":0,"44":0,"45":0,"46":0,"47":0,"48":0,"49":0,"50":0,"51":0,"52":0,"53":0,"54":0,"55":0,"56":0,"57":0,"58":1,"59":0,"60":0,"61":0,"62":0,"63":0,"64":0,"65":0,"66":0,"67":0,"68":0,"69":0,"70":0,"71":0,"72":0,"73":0,"74":1,"75":0,"76":0,"77":0,"78":0,"79":0,"80":0,"81":0,"82":0,"83":0,"84":0,"85":0,"86":0,"87":0,"88":0,"89":0,"90":1,"91":0,"92":0,"93":0,"94":0,"95":0,"96":0,"97":0,"98":0,"99":0,"100":0,"101":0,"102":0,"103":0,"104":1,"105":0,"106":0,"107":0,"108":0,"109":0,"110":1},"f":{"0":0,"1":0,"2":0,"3":0,"4":0,"5":0,"6":0},"b":{"0":[0],"1":[0,0],"2":[0,0],"3":[0,0],"4":[0],"5":[0,0],"6":[0,0],"7":[0,0],"8":[0],"9":[0,0],"10":[0,0],"11":[0,0],"12":[0],"13":[0,0],"14":[0],"15":[0,0],"16":[0,0],"17":[0,0],"18":[0,0],"19":[0],"20":[0,0],"21":[0]},"inputSourceMap":null,"_coverageSchema":"1a1c01bbd47fc00a2c39e90264f33305004495a9","hash":"e00f584be84751b930611febbce3ced53f4b95a7"}
,"C:\\Users\\User\\Documents\\Proyectos desarrollo\\Electiva 2 (Desarrollo de software 2)\\copia con arquitetura hexagonal\\Product-Prowess\\scr\\infrastructure\\controllers\\tokenController.js": {"path":"C:\\Users\\User\\Documents\\Proyectos desarrollo\\Electiva 2 (Desarrollo de software 2)\\copia con arquitetura hexagonal\\Product-Prowess\\scr\\infrastructure\\controllers\\tokenController.js","statementMap":{"0":{"start":{"line":1,"column":21},"end":{"line":1,"column":39}},"1":{"start":{"line":2,"column":12},"end":{"line":2,"column":35}},"2":{"start":{"line":3,"column":15},"end":{"line":3,"column":33}},"3":{"start":{"line":5,"column":22},"end":{"line":8,"column":3}},"4":{"start":{"line":6,"column":18},"end":{"line":6,"column":71}},"5":{"start":{"line":7,"column":4},"end":{"line":7,"column":17}},"6":{"start":{"line":10,"column":20},"end":{"line":19,"column":1}},"7":{"start":{"line":11,"column":4},"end":{"line":18,"column":7}},"8":{"start":{"line":12,"column":8},"end":{"line":17,"column":11}},"9":{"start":{"line":13,"column":12},"end":{"line":15,"column":13}},"10":{"start":{"line":14,"column":16},"end":{"line":14,"column":51}},"11":{"start":{"line":16,"column":12},"end":{"line":16,"column":32}},"12":{"start":{"line":21,"column":0},"end":{"line":24,"column":4}}},"fnMap":{"0":{"name":"(anonymous_0)","decl":{"start":{"line":5,"column":22},"end":{"line":5,"column":23}},"loc":{"start":{"line":5,"column":34},"end":{"line":8,"column":3}},"line":5},"1":{"name":"(anonymous_1)","decl":{"start":{"line":10,"column":20},"end":{"line":10,"column":21}},"loc":{"start":{"line":10,"column":39},"end":{"line":19,"column":1}},"line":10},"2":{"name":"(anonymous_2)","decl":{"start":{"line":11,"column":23},"end":{"line":11,"column":24}},"loc":{"start":{"line":11,"column":44},"end":{"line":18,"column":5}},"line":11},"3":{"name":"(anonymous_3)","decl":{"start":{"line":12,"column":34},"end":{"line":12,"column":35}},"loc":{"start":{"line":12,"column":54},"end":{"line":17,"column":9}},"line":12}},"branchMap":{"0":{"loc":{"start":{"line":13,"column":12},"end":{"line":15,"column":13}},"type":"if","locations":[{"start":{"line":13,"column":12},"end":{"line":15,"column":13}},{"start":{},"end":{}}],"line":13}},"s":{"0":1,"1":1,"2":1,"3":1,"4":0,"5":0,"6":1,"7":0,"8":0,"9":0,"10":0,"11":0,"12":1},"f":{"0":0,"1":0,"2":0,"3":0},"b":{"0":[0,0]},"inputSourceMap":null,"_coverageSchema":"1a1c01bbd47fc00a2c39e90264f33305004495a9","hash":"7ac38b91383adf035dafd4b2a2bdd5e169bb4a24"}
,"C:\\Users\\User\\Documents\\Proyectos desarrollo\\Electiva 2 (Desarrollo de software 2)\\copia con arquitetura hexagonal\\Product-Prowess\\scr\\infrastructure\\controllers\\usersController.js": {"path":"C:\\Users\\User\\Documents\\Proyectos desarrollo\\Electiva 2 (Desarrollo de software 2)\\copia con arquitetura hexagonal\\Product-Prowess\\scr\\infrastructure\\controllers\\usersController.js","statementMap":{"0":{"start":{"line":1,"column":21},"end":{"line":1,"column":39}},"1":{"start":{"line":2,"column":19},"end":{"line":2,"column":50}},"2":{"start":{"line":3,"column":20},"end":{"line":3,"column":69}},"3":{"start":{"line":4,"column":39},"end":{"line":4,"column":67}},"4":{"start":{"line":5,"column":15},"end":{"line":5,"column":33}},"5":{"start":{"line":7,"column":19},"end":{"line":46,"column":1}},"6":{"start":{"line":8,"column":53},"end":{"line":8,"column":61}},"7":{"start":{"line":10,"column":2},"end":{"line":45,"column":3}},"8":{"start":{"line":11,"column":15},"end":{"line":11,"column":50}},"9":{"start":{"line":13,"column":4},"end":{"line":20,"column":5}},"10":{"start":{"line":14,"column":6},"end":{"line":19,"column":9}},"11":{"start":{"line":22,"column":20},"end":{"line":22,"column":22}},"12":{"start":{"line":23,"column":4},"end":{"line":25,"column":5}},"13":{"start":{"line":24,"column":6},"end":{"line":24,"column":25}},"14":{"start":{"line":27,"column":21},"end":{"line":27,"column":64}},"15":{"start":{"line":28,"column":20},"end":{"line":28,"column":59}},"16":{"start":{"line":30,"column":4},"end":{"line":37,"column":7}},"17":{"start":{"line":39,"column":4},"end":{"line":44,"column":6}},"18":{"start":{"line":48,"column":19},"end":{"line":108,"column":1}},"19":{"start":{"line":49,"column":17},"end":{"line":49,"column":30}},"20":{"start":{"line":50,"column":36},"end":{"line":50,"column":44}},"21":{"start":{"line":51,"column":14},"end":{"line":51,"column":39}},"22":{"start":{"line":53,"column":2},"end":{"line":60,"column":3}},"23":{"start":{"line":54,"column":6},"end":{"line":59,"column":9}},"24":{"start":{"line":62,"column":2},"end":{"line":107,"column":3}},"25":{"start":{"line":63,"column":6},"end":{"line":63,"column":34}},"26":{"start":{"line":65,"column":28},"end":{"line":65,"column":60}},"27":{"start":{"line":67,"column":6},"end":{"line":74,"column":7}},"28":{"start":{"line":68,"column":10},"end":{"line":73,"column":13}},"29":{"start":{"line":76,"column":23},"end":{"line":76,"column":48}},"30":{"start":{"line":77,"column":26},"end":{"line":77,"column":72}},"31":{"start":{"line":79,"column":6},"end":{"line":82,"column":9}},"32":{"start":{"line":84,"column":6},"end":{"line":91,"column":7}},"33":{"start":{"line":85,"column":10},"end":{"line":90,"column":13}},"34":{"start":{"line":93,"column":6},"end":{"line":100,"column":7}},"35":{"start":{"line":94,"column":10},"end":{"line":99,"column":13}},"36":{"start":{"line":101,"column":6},"end":{"line":106,"column":9}},"37":{"start":{"line":111,"column":18},"end":{"line":152,"column":1}},"38":{"start":{"line":112,"column":30},"end":{"line":112,"column":38}},"39":{"start":{"line":114,"column":2},"end":{"line":151,"column":3}},"40":{"start":{"line":115,"column":19},"end":{"line":115,"column":64}},"41":{"start":{"line":117,"column":20},"end":{"line":117,"column":43}},"42":{"start":{"line":119,"column":6},"end":{"line":124,"column":9}},"43":{"start":{"line":127,"column":6},"end":{"line":134,"column":7}},"44":{"start":{"line":128,"column":10},"end":{"line":133,"column":13}},"45":{"start":{"line":136,"column":6},"end":{"line":143,"column":7}},"46":{"start":{"line":137,"column":10},"end":{"line":142,"column":13}},"47":{"start":{"line":145,"column":6},"end":{"line":150,"column":9}},"48":{"start":{"line":155,"column":0},"end":{"line":159,"column":2}}},"fnMap":{"0":{"name":"(anonymous_0)","decl":{"start":{"line":7,"column":19},"end":{"line":7,"column":20}},"loc":{"start":{"line":7,"column":50},"end":{"line":46,"column":1}},"line":7},"1":{"name":"(anonymous_1)","decl":{"start":{"line":48,"column":19},"end":{"line":48,"column":20}},"loc":{"start":{"line":48,"column":50},"end":{"line":108,"column":1}},"line":48},"2":{"name":"(anonymous_2)","decl":{"start":{"line":111,"column":18},"end":{"line":111,"column":19}},"loc":{"start":{"line":111,"column":49},"end":{"line":152,"column":1}},"line":111}},"branchMap":{"0":{"loc":{"start":{"line":7,"column":31},"end":{"line":7,"column":45}},"type":"default-arg","locations":[{"start":{"line":7,"column":37},"end":{"line":7,"column":45}}],"line":7},"1":{"loc":{"start":{"line":13,"column":4},"end":{"line":20,"column":5}},"type":"if","locations":[{"start":{"line":13,"column":4},"end":{"line":20,"column":5}},{"start":{},"end":{}}],"line":13},"2":{"loc":{"start":{"line":23,"column":4},"end":{"line":25,"column":5}},"type":"if","locations":[{"start":{"line":23,"column":4},"end":{"line":25,"column":5}},{"start":{},"end":{}}],"line":23},"3":{"loc":{"start":{"line":48,"column":31},"end":{"line":48,"column":45}},"type":"default-arg","locations":[{"start":{"line":48,"column":37},"end":{"line":48,"column":45}}],"line":48},"4":{"loc":{"start":{"line":53,"column":2},"end":{"line":60,"column":3}},"type":"if","locations":[{"start":{"line":53,"column":2},"end":{"line":60,"column":3}},{"start":{},"end":{}}],"line":53},"5":{"loc":{"start":{"line":67,"column":6},"end":{"line":74,"column":7}},"type":"if","locations":[{"start":{"line":67,"column":6},"end":{"line":74,"column":7}},{"start":{},"end":{}}],"line":67},"6":{"loc":{"start":{"line":84,"column":6},"end":{"line":91,"column":7}},"type":"if","locations":[{"start":{"line":84,"column":6},"end":{"line":91,"column":7}},{"start":{},"end":{}}],"line":84},"7":{"loc":{"start":{"line":93,"column":6},"end":{"line":100,"column":7}},"type":"if","locations":[{"start":{"line":93,"column":6},"end":{"line":100,"column":7}},{"start":{},"end":{}}],"line":93},"8":{"loc":{"start":{"line":111,"column":30},"end":{"line":111,"column":44}},"type":"default-arg","locations":[{"start":{"line":111,"column":36},"end":{"line":111,"column":44}}],"line":111},"9":{"loc":{"start":{"line":127,"column":6},"end":{"line":134,"column":7}},"type":"if","locations":[{"start":{"line":127,"column":6},"end":{"line":134,"column":7}},{"start":{},"end":{}}],"line":127},"10":{"loc":{"start":{"line":136,"column":6},"end":{"line":143,"column":7}},"type":"if","locations":[{"start":{"line":136,"column":6},"end":{"line":143,"column":7}},{"start":{},"end":{}}],"line":136}},"s":{"0":1,"1":1,"2":1,"3":1,"4":1,"5":1,"6":1,"7":1,"8":1,"9":1,"10":0,"11":1,"12":1,"13":0,"14":1,"15":1,"16":1,"17":0,"18":1,"19":0,"20":0,"21":0,"22":0,"23":0,"24":0,"25":0,"26":0,"27":0,"28":0,"29":0,"30":0,"31":0,"32":0,"33":0,"34":0,"35":0,"36":0,"37":1,"38":0,"39":0,"40":0,"41":0,"42":0,"43":0,"44":0,"45":0,"46":0,"47":0,"48":1},"f":{"0":1,"1":0,"2":0},"b":{"0":[0],"1":[0,1],"2":[0,1],"3":[0],"4":[0,0],"5":[0,0],"6":[0,0],"7":[0,0],"8":[0],"9":[0,0],"10":[0,0]},"inputSourceMap":null,"_coverageSchema":"1a1c01bbd47fc00a2c39e90264f33305004495a9","hash":"51ad0151963001d3e095599e8410e41eb3255f5e"}
,"C:\\Users\\User\\Documents\\Proyectos desarrollo\\Electiva 2 (Desarrollo de software 2)\\copia con arquitetura hexagonal\\Product-Prowess\\scr\\infrastructure\\middlewares\\validateFields.js": {"path":"C:\\Users\\User\\Documents\\Proyectos desarrollo\\Electiva 2 (Desarrollo de software 2)\\copia con arquitetura hexagonal\\Product-Prowess\\scr\\infrastructure\\middlewares\\validateFields.js","statementMap":{"0":{"start":{"line":1,"column":21},"end":{"line":1,"column":39}},"1":{"start":{"line":2,"column":29},"end":{"line":2,"column":57}},"2":{"start":{"line":4,"column":23},"end":{"line":15,"column":1}},"3":{"start":{"line":5,"column":17},"end":{"line":5,"column":38}},"4":{"start":{"line":7,"column":2},"end":{"line":12,"column":3}},"5":{"start":{"line":8,"column":4},"end":{"line":11,"column":7}},"6":{"start":{"line":14,"column":2},"end":{"line":14,"column":9}},"7":{"start":{"line":17,"column":0},"end":{"line":19,"column":1}}},"fnMap":{"0":{"name":"(anonymous_0)","decl":{"start":{"line":4,"column":23},"end":{"line":4,"column":24}},"loc":{"start":{"line":4,"column":54},"end":{"line":15,"column":1}},"line":4}},"branchMap":{"0":{"loc":{"start":{"line":4,"column":29},"end":{"line":4,"column":43}},"type":"default-arg","locations":[{"start":{"line":4,"column":35},"end":{"line":4,"column":43}}],"line":4},"1":{"loc":{"start":{"line":7,"column":2},"end":{"line":12,"column":3}},"type":"if","locations":[{"start":{"line":7,"column":2},"end":{"line":12,"column":3}},{"start":{},"end":{}}],"line":7}},"s":{"0":1,"1":1,"2":1,"3":1,"4":1,"5":0,"6":1,"7":1},"f":{"0":1},"b":{"0":[0],"1":[0,1]},"inputSourceMap":null,"_coverageSchema":"1a1c01bbd47fc00a2c39e90264f33305004495a9","hash":"63e7df6f9cd6bdffecd08f0cdf68b8d5c21dc562"}
,"C:\\Users\\User\\Documents\\Proyectos desarrollo\\Electiva 2 (Desarrollo de software 2)\\copia con arquitetura hexagonal\\Product-Prowess\\scr\\infrastructure\\models\\commentsModel.js": {"path":"C:\\Users\\User\\Documents\\Proyectos desarrollo\\Electiva 2 (Desarrollo de software 2)\\copia con arquitetura hexagonal\\Product-Prowess\\scr\\infrastructure\\models\\commentsModel.js","statementMap":{"0":{"start":{"line":1,"column":47},"end":{"line":1,"column":66}},"1":{"start":{"line":3,"column":23},"end":{"line":33,"column":2}},"2":{"start":{"line":35,"column":0},"end":{"line":35,"column":51}}},"fnMap":{},"branchMap":{},"s":{"0":1,"1":1,"2":1},"f":{},"b":{},"inputSourceMap":null,"_coverageSchema":"1a1c01bbd47fc00a2c39e90264f33305004495a9","hash":"58d3621bf8b3f106cf0ad56e8f144de99f15bb50"}
,"C:\\Users\\User\\Documents\\Proyectos desarrollo\\Electiva 2 (Desarrollo de software 2)\\copia con arquitetura hexagonal\\Product-Prowess\\scr\\infrastructure\\models\\productsModel.js": {"path":"C:\\Users\\User\\Documents\\Proyectos desarrollo\\Electiva 2 (Desarrollo de software 2)\\copia con arquitetura hexagonal\\Product-Prowess\\scr\\infrastructure\\models\\productsModel.js","statementMap":{"0":{"start":{"line":1,"column":47},"end":{"line":1,"column":66}},"1":{"start":{"line":3,"column":22},"end":{"line":44,"column":2}},"2":{"start":{"line":46,"column":0},"end":{"line":46,"column":50}}},"fnMap":{},"branchMap":{},"s":{"0":1,"1":1,"2":1},"f":{},"b":{},"inputSourceMap":null,"_coverageSchema":"1a1c01bbd47fc00a2c39e90264f33305004495a9","hash":"d2b9f3b845e83ff6580897ade7b0f43906695bb6"}
,"C:\\Users\\User\\Documents\\Proyectos desarrollo\\Electiva 2 (Desarrollo de software 2)\\copia con arquitetura hexagonal\\Product-Prowess\\scr\\infrastructure\\models\\usersModel.js": {"path":"C:\\Users\\User\\Documents\\Proyectos desarrollo\\Electiva 2 (Desarrollo de software 2)\\copia con arquitetura hexagonal\\Product-Prowess\\scr\\infrastructure\\models\\usersModel.js","statementMap":{"0":{"start":{"line":1,"column":26},"end":{"line":1,"column":45}},"1":{"start":{"line":2,"column":15},"end":{"line":2,"column":32}},"2":{"start":{"line":4,"column":19},"end":{"line":38,"column":2}},"3":{"start":{"line":40,"column":0},"end":{"line":43,"column":2}},"4":{"start":{"line":41,"column":15},"end":{"line":41,"column":39}},"5":{"start":{"line":42,"column":2},"end":{"line":42,"column":37}},"6":{"start":{"line":45,"column":0},"end":{"line":47,"column":2}},"7":{"start":{"line":46,"column":2},"end":{"line":46,"column":48}},"8":{"start":{"line":49,"column":0},"end":{"line":49,"column":43}}},"fnMap":{"0":{"name":"(anonymous_0)","decl":{"start":{"line":40,"column":37},"end":{"line":40,"column":38}},"loc":{"start":{"line":40,"column":57},"end":{"line":43,"column":1}},"line":40},"1":{"name":"(anonymous_1)","decl":{"start":{"line":45,"column":37},"end":{"line":45,"column":38}},"loc":{"start":{"line":45,"column":71},"end":{"line":47,"column":1}},"line":45}},"branchMap":{},"s":{"0":1,"1":1,"2":1,"3":1,"4":1,"5":1,"6":1,"7":0,"8":1},"f":{"0":1,"1":0},"b":{},"inputSourceMap":null,"_coverageSchema":"1a1c01bbd47fc00a2c39e90264f33305004495a9","hash":"a180060b03016933ec25621b1689408fed148680"}
,"C:\\Users\\User\\Documents\\Proyectos desarrollo\\Electiva 2 (Desarrollo de software 2)\\copia con arquitetura hexagonal\\Product-Prowess\\scr\\infrastructure\\routes\\commentsRoute.js": {"path":"C:\\Users\\User\\Documents\\Proyectos desarrollo\\Electiva 2 (Desarrollo de software 2)\\copia con arquitetura hexagonal\\Product-Prowess\\scr\\infrastructure\\routes\\commentsRoute.js","statementMap":{"0":{"start":{"line":1,"column":19},"end":{"line":1,"column":37}},"1":{"start":{"line":2,"column":15},"end":{"line":2,"column":23}},"2":{"start":{"line":4,"column":51},"end":{"line":4,"column":95}},"3":{"start":{"line":5,"column":18},"end":{"line":5,"column":46}},"4":{"start":{"line":6,"column":27},"end":{"line":6,"column":67}},"5":{"start":{"line":64,"column":0},"end":{"line":72,"column":2}},"6":{"start":{"line":99,"column":0},"end":{"line":102,"column":2}},"7":{"start":{"line":104,"column":0},"end":{"line":104,"column":24}}},"fnMap":{},"branchMap":{},"s":{"0":1,"1":1,"2":1,"3":1,"4":1,"5":1,"6":1,"7":1},"f":{},"b":{},"inputSourceMap":null,"_coverageSchema":"1a1c01bbd47fc00a2c39e90264f33305004495a9","hash":"5d9f0f3e5f4bbf0e3af1122aac8a842a414df9e9"}
,"C:\\Users\\User\\Documents\\Proyectos desarrollo\\Electiva 2 (Desarrollo de software 2)\\copia con arquitetura hexagonal\\Product-Prowess\\scr\\infrastructure\\routes\\productsRoute.js": {"path":"C:\\Users\\User\\Documents\\Proyectos desarrollo\\Electiva 2 (Desarrollo de software 2)\\copia con arquitetura hexagonal\\Product-Prowess\\scr\\infrastructure\\routes\\productsRoute.js","statementMap":{"0":{"start":{"line":1,"column":19},"end":{"line":1,"column":37}},"1":{"start":{"line":2,"column":15},"end":{"line":2,"column":23}},"2":{"start":{"line":4,"column":146},"end":{"line":4,"column":190}},"3":{"start":{"line":5,"column":18},"end":{"line":5,"column":46}},"4":{"start":{"line":6,"column":27},"end":{"line":6,"column":67}},"5":{"start":{"line":71,"column":0},"end":{"line":81,"column":2}},"6":{"start":{"line":119,"column":0},"end":{"line":127,"column":2}},"7":{"start":{"line":157,"column":0},"end":{"line":160,"column":2}},"8":{"start":{"line":188,"column":0},"end":{"line":191,"column":2}},"9":{"start":{"line":221,"column":0},"end":{"line":224,"column":2}},"10":{"start":{"line":242,"column":0},"end":{"line":245,"column":2}},"11":{"start":{"line":271,"column":0},"end":{"line":274,"column":2}},"12":{"start":{"line":277,"column":0},"end":{"line":277,"column":24}}},"fnMap":{},"branchMap":{},"s":{"0":1,"1":1,"2":1,"3":1,"4":1,"5":1,"6":1,"7":1,"8":1,"9":1,"10":1,"11":1,"12":1},"f":{},"b":{},"inputSourceMap":null,"_coverageSchema":"1a1c01bbd47fc00a2c39e90264f33305004495a9","hash":"6498e5dfbe3bca109b86e7ca12fb4e4927439a8a"}
,"C:\\Users\\User\\Documents\\Proyectos desarrollo\\Electiva 2 (Desarrollo de software 2)\\copia con arquitetura hexagonal\\Product-Prowess\\scr\\infrastructure\\routes\\usersRoute.js": {"path":"C:\\Users\\User\\Documents\\Proyectos desarrollo\\Electiva 2 (Desarrollo de software 2)\\copia con arquitetura hexagonal\\Product-Prowess\\scr\\infrastructure\\routes\\usersRoute.js","statementMap":{"0":{"start":{"line":1,"column":19},"end":{"line":1,"column":37}},"1":{"start":{"line":2,"column":15},"end":{"line":2,"column":23}},"2":{"start":{"line":4,"column":46},"end":{"line":4,"column":87}},"3":{"start":{"line":5,"column":18},"end":{"line":5,"column":46}},"4":{"start":{"line":6,"column":27},"end":{"line":6,"column":67}},"5":{"start":{"line":75,"column":0},"end":{"line":85,"column":2}},"6":{"start":{"line":124,"column":0},"end":{"line":132,"column":2}},"7":{"start":{"line":185,"column":0},"end":{"line":194,"column":2}},"8":{"start":{"line":197,"column":0},"end":{"line":197,"column":24}}},"fnMap":{},"branchMap":{},"s":{"0":1,"1":1,"2":1,"3":1,"4":1,"5":1,"6":1,"7":1,"8":1},"f":{},"b":{},"inputSourceMap":null,"_coverageSchema":"1a1c01bbd47fc00a2c39e90264f33305004495a9","hash":"06cad40d34d394350a9f43cbc0f9814e2a3807d2"}
}
