TN:
SF:index.js
FN:38,(anonymous_0)
FN:47,(anonymous_1)
FNF:2
FNH:2
FNDA:3,(anonymous_0)
FNDA:3,(anonymous_1)
DA:1,3
DA:2,3
DA:3,3
DA:4,3
DA:5,3
DA:6,3
DA:9,3
DA:13,3
DA:14,3
DA:15,3
DA:32,3
DA:35,3
DA:38,3
DA:39,3
DA:40,0
DA:41,3
DA:42,0
DA:43,3
DA:44,3
DA:47,3
DA:48,3
DA:51,3
DA:54,3
DA:55,0
DA:60,3
DA:61,3
DA:62,3
DA:63,3
DA:66,3
LF:29
LH:26
BRDA:39,0,0,0
BRDA:39,0,1,3
BRDA:41,1,0,0
BRDA:41,1,1,3
BRDA:43,2,0,3
BRDA:43,2,1,0
BRDA:54,3,0,0
BRDA:54,3,1,3
BRF:8
BRH:4
end_of_record
TN:
SF:scr\application\services\commentService.js
FN:7,(anonymous_0)
FN:23,(anonymous_1)
FNF:2
FNH:2
FNDA:4,(anonymous_0)
FNDA:4,(anonymous_1)
DA:2,3
DA:3,3
DA:4,3
DA:8,4
DA:9,4
DA:11,4
DA:12,4
DA:14,1
DA:18,3
DA:19,3
DA:20,3
DA:22,3
DA:23,4
DA:24,3
DA:25,3
DA:26,3
DA:28,1
DA:34,3
LF:18
LH:18
BRF:0
BRH:0
end_of_record
TN:
SF:scr\application\services\productService.js
FN:6,(anonymous_0)
FN:24,(anonymous_1)
FN:46,(anonymous_2)
FNF:3
FNH:3
FNDA:10,(anonymous_0)
FNDA:2,(anonymous_1)
FNDA:2,(anonymous_2)
DA:2,3
DA:3,3
DA:7,10
DA:8,10
DA:9,10
DA:11,10
DA:12,1
DA:15,9
DA:16,9
DA:17,9
DA:18,9
DA:20,1
DA:25,2
DA:26,2
DA:27,2
DA:28,2
DA:29,1
DA:30,1
DA:31,1
DA:33,1
DA:34,1
DA:36,1
DA:42,1
DA:47,2
DA:49,2
DA:50,2
DA:52,1
DA:55,1
DA:56,0
DA:59,1
DA:62,1
DA:69,3
LF:32
LH:31
BRDA:11,0,0,1
BRDA:11,0,1,9
BRDA:55,1,0,0
BRDA:55,1,1,1
BRF:4
BRH:3
end_of_record
TN:
SF:scr\application\services\userService.js
FN:5,(anonymous_0)
FN:18,(anonymous_1)
FN:44,(anonymous_2)
FNF:3
FNH:3
FNDA:9,(anonymous_0)
FNDA:1,(anonymous_1)
FNDA:14,(anonymous_2)
DA:1,3
DA:2,3
DA:6,9
DA:7,9
DA:8,9
DA:9,9
DA:10,9
DA:11,9
DA:12,9
DA:14,0
DA:19,1
DA:20,1
DA:22,1
DA:24,1
DA:26,1
DA:27,1
DA:29,1
DA:30,1
DA:32,1
DA:33,1
DA:36,1
DA:38,1
DA:40,0
DA:45,14
DA:46,14
DA:48,14
DA:49,1
DA:52,13
DA:54,12
DA:55,1
DA:58,11
DA:61,3
DA:67,3
LF:33
LH:31
BRDA:26,0,0,1
BRDA:26,0,1,0
BRDA:29,1,0,1
BRDA:29,1,1,0
BRDA:32,2,0,1
BRDA:32,2,1,0
BRDA:48,3,0,1
BRDA:48,3,1,13
BRDA:54,4,0,1
BRDA:54,4,1,11
BRF:10
BRH:7
end_of_record
TN:
SF:scr\domain\entities\comment.js
FN:2,(anonymous_0)
FNF:1
FNH:1
FNDA:3,(anonymous_0)
DA:3,3
DA:4,3
DA:5,3
DA:6,3
DA:7,3
DA:8,3
DA:12,3
LF:7
LH:7
BRF:0
BRH:0
end_of_record
TN:
SF:scr\domain\entities\produc.js
FN:2,(anonymous_0)
FNF:1
FNH:1
FNDA:9,(anonymous_0)
DA:3,9
DA:4,9
DA:5,9
DA:6,9
DA:7,9
DA:8,9
DA:9,9
DA:10,9
DA:14,3
LF:9
LH:9
BRF:0
BRH:0
end_of_record
TN:
SF:scr\domain\entities\user.js
FN:2,(anonymous_0)
FNF:1
FNH:1
FNDA:9,(anonymous_0)
DA:3,9
DA:4,9
DA:5,9
DA:6,9
DA:7,9
DA:8,9
DA:9,9
DA:13,3
LF:8
LH:8
BRF:0
BRH:0
end_of_record
TN:
SF:scr\infrastructure\controllers\commentsController.js
FN:10,(anonymous_0)
FN:65,(anonymous_1)
FN:73,(anonymous_2)
FN:82,(anonymous_3)
FNF:4
FNH:4
FNDA:5,(anonymous_0)
FNDA:2,(anonymous_1)
FNDA:2,(anonymous_2)
FNDA:3,(anonymous_3)
DA:1,3
DA:2,3
DA:3,3
DA:4,3
DA:5,3
DA:6,3
DA:7,3
DA:8,3
DA:10,3
DA:11,5
DA:12,5
DA:13,5
DA:15,5
DA:16,0
DA:24,5
DA:25,5
DA:26,5
DA:27,4
DA:28,4
DA:30,3
DA:37,2
DA:38,1
DA:45,1
DA:46,1
DA:53,0
DA:54,0
DA:65,3
DA:66,2
DA:67,2
DA:68,2
DA:69,2
DA:70,2
DA:73,2
DA:79,2
DA:82,3
DA:83,3
DA:84,3
DA:86,3
DA:87,0
DA:95,3
DA:96,3
DA:97,3
DA:100,2
DA:101,2
DA:103,1
DA:111,1
DA:113,1
DA:120,1
DA:130,3
LF:49
LH:45
BRDA:10,0,0,0
BRDA:15,1,0,0
BRDA:15,1,1,5
BRDA:37,2,0,1
BRDA:37,2,1,1
BRDA:45,3,0,1
BRDA:45,3,1,0
BRDA:82,4,0,0
BRDA:86,5,0,0
BRDA:86,5,1,3
BRF:10
BRH:5
end_of_record
TN:
SF:scr\infrastructure\controllers\productsController.js
FN:10,(anonymous_0)
FN:66,(anonymous_1)
FN:123,(anonymous_2)
FN:177,(anonymous_3)
FN:239,(anonymous_4)
FN:294,(anonymous_5)
FN:345,(anonymous_6)
FNF:7
FNH:7
FNDA:11,(anonymous_0)
FNDA:3,(anonymous_1)
FNDA:3,(anonymous_2)
FNDA:3,(anonymous_3)
FNDA:5,(anonymous_4)
FNDA:3,(anonymous_5)
FNDA:2,(anonymous_6)
DA:1,3
DA:2,3
DA:3,3
DA:4,3
DA:5,3
DA:6,3
DA:7,3
DA:8,3
DA:10,3
DA:11,11
DA:12,11
DA:14,11
DA:15,0
DA:23,11
DA:24,11
DA:25,11
DA:27,10
DA:28,10
DA:30,9
DA:40,2
DA:41,1
DA:48,1
DA:49,1
DA:56,0
DA:66,3
DA:67,3
DA:68,3
DA:69,3
DA:71,3
DA:72,0
DA:80,3
DA:81,3
DA:83,3
DA:85,2
DA:86,2
DA:88,1
DA:97,2
DA:98,1
DA:106,1
DA:107,1
DA:114,0
DA:123,3
DA:124,3
DA:125,3
DA:127,3
DA:128,0
DA:136,3
DA:137,3
DA:138,3
DA:139,2
DA:141,1
DA:150,2
DA:151,1
DA:158,1
DA:159,1
DA:166,0
DA:177,3
DA:178,3
DA:179,3
DA:181,3
DA:182,0
DA:190,3
DA:191,3
DA:193,3
DA:194,2
DA:195,2
DA:196,2
DA:198,1
DA:207,1
DA:208,1
DA:210,1
DA:227,1
DA:239,3
DA:240,5
DA:242,5
DA:243,5
DA:244,0
DA:252,5
DA:253,5
DA:254,5
DA:255,4
DA:256,4
DA:257,1
DA:259,3
DA:268,4
DA:269,1
DA:277,3
DA:285,1
DA:294,3
DA:295,3
DA:296,3
DA:298,3
DA:299,0
DA:307,3
DA:308,3
DA:310,3
DA:311,2
DA:312,2
DA:313,2
DA:315,1
DA:324,1
DA:333,1
DA:345,3
DA:346,2
DA:347,2
DA:349,2
DA:350,1
DA:357,1
DA:358,1
DA:359,1
DA:361,1
DA:363,1
DA:372,0
DA:386,3
LF:114
LH:104
BRDA:10,0,0,0
BRDA:14,1,0,0
BRDA:14,1,1,11
BRDA:40,2,0,1
BRDA:40,2,1,1
BRDA:48,3,0,1
BRDA:48,3,1,0
BRDA:66,4,0,0
BRDA:71,5,0,0
BRDA:71,5,1,3
BRDA:97,6,0,1
BRDA:97,6,1,1
BRDA:106,7,0,1
BRDA:106,7,1,0
BRDA:123,8,0,0
BRDA:127,9,0,0
BRDA:127,9,1,3
BRDA:150,10,0,1
BRDA:150,10,1,1
BRDA:158,11,0,1
BRDA:158,11,1,0
BRDA:177,12,0,0
BRDA:181,13,0,0
BRDA:181,13,1,3
BRDA:239,14,0,0
BRDA:243,15,0,0
BRDA:243,15,1,5
BRDA:256,16,0,1
BRDA:256,16,1,3
BRDA:268,17,0,1
BRDA:268,17,1,3
BRDA:268,18,0,4
BRDA:268,18,1,4
BRDA:294,19,0,0
BRDA:298,20,0,0
BRDA:298,20,1,3
BRDA:345,21,0,0
BRDA:349,22,0,1
BRDA:349,22,1,1
BRF:39
BRH:23
end_of_record
TN:
SF:scr\infrastructure\controllers\tokenController.js
FN:5,(anonymous_0)
FN:10,(anonymous_1)
FN:11,(anonymous_2)
FN:12,(anonymous_3)
FNF:4
FNH:4
FNDA:11,(anonymous_0)
FNDA:40,(anonymous_1)
FNDA:40,(anonymous_2)
FNDA:40,(anonymous_3)
DA:1,3
DA:2,3
DA:3,3
DA:5,3
DA:6,11
DA:7,11
DA:10,3
DA:11,40
DA:12,40
DA:13,40
DA:14,9
DA:16,40
DA:21,3
LF:13
LH:13
BRDA:13,0,0,9
BRDA:13,0,1,31
BRF:2
BRH:2
end_of_record
TN:
SF:scr\infrastructure\controllers\usersController.js
FN:7,(anonymous_0)
FN:48,(anonymous_1)
FN:102,(anonymous_2)
FNF:3
FNH:3
FNDA:14,(anonymous_0)
FNDA:4,(anonymous_1)
FNDA:14,(anonymous_2)
DA:1,3
DA:2,3
DA:3,3
DA:4,3
DA:5,3
DA:7,3
DA:8,14
DA:10,14
DA:11,14
DA:13,14
DA:14,5
DA:22,9
DA:23,9
DA:24,0
DA:27,9
DA:28,9
DA:30,9
DA:39,0
DA:48,3
DA:49,4
DA:50,4
DA:51,4
DA:53,4
DA:54,1
DA:62,3
DA:63,3
DA:65,3
DA:67,2
DA:68,1
DA:76,1
DA:77,1
DA:79,1
DA:84,1
DA:85,1
DA:92,0
DA:102,3
DA:103,14
DA:105,14
DA:106,14
DA:108,11
DA:110,11
DA:118,3
DA:119,1
DA:127,2
DA:128,1
DA:136,1
DA:146,3
LF:47
LH:44
BRDA:7,0,0,0
BRDA:13,1,0,5
BRDA:13,1,1,9
BRDA:23,2,0,0
BRDA:23,2,1,9
BRDA:48,3,0,0
BRDA:53,4,0,1
BRDA:53,4,1,3
BRDA:67,5,0,1
BRDA:67,5,1,1
BRDA:84,6,0,1
BRDA:84,6,1,0
BRDA:102,7,0,0
BRDA:118,8,0,1
BRDA:118,8,1,2
BRDA:127,9,0,1
BRDA:127,9,1,1
BRF:17
BRH:12
end_of_record
TN:
SF:scr\infrastructure\middlewares\validateFields.js
FN:4,(anonymous_0)
FNF:1
FNH:1
FNDA:58,(anonymous_0)
DA:1,3
DA:2,3
DA:4,3
DA:5,58
DA:7,58
DA:8,7
DA:14,51
DA:17,3
LF:8
LH:8
BRDA:4,0,0,0
BRDA:7,1,0,7
BRDA:7,1,1,51
BRF:3
BRH:2
end_of_record
TN:
SF:scr\infrastructure\models\commentsModel.js
FNF:0
FNH:0
DA:1,3
DA:3,3
DA:35,3
LF:3
LH:3
BRF:0
BRH:0
end_of_record
TN:
SF:scr\infrastructure\models\productsModel.js
FNF:0
FNH:0
DA:1,3
DA:3,3
DA:46,3
LF:3
LH:3
BRF:0
BRH:0
end_of_record
TN:
SF:scr\infrastructure\models\usersModel.js
FN:40,(anonymous_0)
FN:45,(anonymous_1)
FNF:2
FNH:2
FNDA:9,(anonymous_0)
FNDA:13,(anonymous_1)
DA:1,3
DA:2,3
DA:4,3
DA:40,3
DA:41,9
DA:42,9
DA:45,3
DA:46,13
DA:49,3
LF:9
LH:9
BRF:0
BRH:0
end_of_record
TN:
SF:scr\infrastructure\routes\commentsRoute.js
FNF:0
FNH:0
DA:1,3
DA:2,3
DA:4,3
DA:5,3
DA:6,3
DA:64,3
DA:99,3
DA:104,3
LF:8
LH:8
BRF:0
BRH:0
end_of_record
TN:
SF:scr\infrastructure\routes\productsRoute.js
FNF:0
FNH:0
DA:1,3
DA:2,3
DA:4,3
DA:5,3
DA:6,3
DA:71,3
DA:119,3
DA:157,3
DA:188,3
DA:221,3
DA:242,3
DA:271,3
DA:277,3
LF:13
LH:13
BRF:0
BRH:0
end_of_record
TN:
SF:scr\infrastructure\routes\usersRoute.js
FNF:0
FNH:0
DA:1,3
DA:2,3
DA:4,3
DA:5,3
DA:6,3
DA:77,3
DA:128,3
DA:187,3
DA:199,3
LF:9
LH:9
BRF:0
BRH:0
end_of_record
