TN:
SF:index.js
FN:38,(anonymous_0)
FN:47,(anonymous_1)
FNF:2
FNH:2
FNDA:1,(anonymous_0)
FNDA:1,(anonymous_1)
DA:1,1
DA:2,1
DA:3,1
DA:4,1
DA:5,1
DA:6,1
DA:9,1
DA:13,1
DA:14,1
DA:15,1
DA:32,1
DA:35,1
DA:38,1
DA:39,1
DA:40,0
DA:41,1
DA:42,0
DA:43,1
DA:44,1
DA:47,1
DA:48,1
DA:51,1
DA:54,1
DA:55,0
DA:60,1
DA:61,1
DA:62,1
DA:63,1
DA:66,1
LF:29
LH:26
BRDA:39,0,0,0
BRDA:39,0,1,1
BRDA:41,1,0,0
BRDA:41,1,1,1
BRDA:43,2,0,1
BRDA:43,2,1,0
BRDA:54,3,0,0
BRDA:54,3,1,1
BRF:8
BRH:4
end_of_record
TN:
SF:scr\application\services\commentService.js
FN:7,(anonymous_0)
FN:23,(anonymous_1)
FNF:2
FNH:0
FNDA:0,(anonymous_0)
FNDA:0,(anonymous_1)
DA:2,1
DA:3,1
DA:4,1
DA:8,0
DA:9,0
DA:11,0
DA:12,0
DA:14,0
DA:18,0
DA:19,0
DA:20,0
DA:22,0
DA:23,0
DA:24,0
DA:25,0
DA:26,0
DA:28,0
DA:34,1
LF:18
LH:4
BRF:0
BRH:0
end_of_record
TN:
SF:scr\application\services\productService.js
FN:6,(anonymous_0)
FN:25,(anonymous_1)
FN:47,(anonymous_2)
FNF:3
FNH:0
FNDA:0,(anonymous_0)
FNDA:0,(anonymous_1)
FNDA:0,(anonymous_2)
DA:2,1
DA:3,1
DA:7,0
DA:8,0
DA:9,0
DA:11,0
DA:12,0
DA:15,0
DA:16,0
DA:17,0
DA:18,0
DA:19,0
DA:21,0
DA:26,0
DA:27,0
DA:28,0
DA:29,0
DA:30,0
DA:31,0
DA:32,0
DA:34,0
DA:35,0
DA:37,0
DA:43,0
DA:48,0
DA:50,0
DA:51,0
DA:53,0
DA:56,0
DA:57,0
DA:60,0
DA:63,0
DA:70,1
LF:33
LH:3
BRDA:11,0,0,0
BRDA:11,0,1,0
BRDA:56,1,0,0
BRDA:56,1,1,0
BRF:4
BRH:0
end_of_record
TN:
SF:scr\application\services\userService.js
FN:5,(anonymous_0)
FN:18,(anonymous_1)
FN:48,(anonymous_2)
FNF:3
FNH:1
FNDA:1,(anonymous_0)
FNDA:0,(anonymous_1)
FNDA:0,(anonymous_2)
DA:1,1
DA:2,1
DA:6,1
DA:7,1
DA:8,1
DA:9,1
DA:10,1
DA:11,1
DA:12,1
DA:14,0
DA:19,0
DA:20,0
DA:22,0
DA:24,0
DA:25,0
DA:28,0
DA:30,0
DA:31,0
DA:33,0
DA:34,0
DA:36,0
DA:37,0
DA:40,0
DA:42,0
DA:44,0
DA:49,0
DA:50,0
DA:52,0
DA:53,0
DA:56,0
DA:58,0
DA:59,0
DA:62,0
DA:65,0
DA:71,1
LF:35
LH:10
BRDA:24,0,0,0
BRDA:24,0,1,0
BRDA:30,1,0,0
BRDA:30,1,1,0
BRDA:33,2,0,0
BRDA:33,2,1,0
BRDA:36,3,0,0
BRDA:36,3,1,0
BRDA:52,4,0,0
BRDA:52,4,1,0
BRDA:58,5,0,0
BRDA:58,5,1,0
BRF:12
BRH:0
end_of_record
TN:
SF:scr\domain\entities\comment.js
FN:2,(anonymous_0)
FNF:1
FNH:0
FNDA:0,(anonymous_0)
DA:3,0
DA:4,0
DA:5,0
DA:6,0
DA:7,0
DA:8,0
DA:12,1
LF:7
LH:1
BRF:0
BRH:0
end_of_record
TN:
SF:scr\domain\entities\produc.js
FN:2,(anonymous_0)
FNF:1
FNH:0
FNDA:0,(anonymous_0)
DA:3,0
DA:4,0
DA:5,0
DA:6,0
DA:7,0
DA:8,0
DA:9,0
DA:10,0
DA:14,1
LF:9
LH:1
BRF:0
BRH:0
end_of_record
TN:
SF:scr\domain\entities\user.js
FN:2,(anonymous_0)
FNF:1
FNH:1
FNDA:1,(anonymous_0)
DA:3,1
DA:4,1
DA:5,1
DA:6,1
DA:7,1
DA:8,1
DA:9,1
DA:13,1
LF:8
LH:8
BRF:0
BRH:0
end_of_record
TN:
SF:scr\infrastructure\controllers\commentsController.js
FN:10,(anonymous_0)
FN:64,(anonymous_1)
FN:72,(anonymous_2)
FN:81,(anonymous_3)
FNF:4
FNH:0
FNDA:0,(anonymous_0)
FNDA:0,(anonymous_1)
FNDA:0,(anonymous_2)
FNDA:0,(anonymous_3)
DA:1,1
DA:2,1
DA:3,1
DA:4,1
DA:5,1
DA:6,1
DA:7,1
DA:8,1
DA:10,1
DA:11,0
DA:12,0
DA:13,0
DA:15,0
DA:16,0
DA:24,0
DA:25,0
DA:26,0
DA:27,0
DA:28,0
DA:30,0
DA:37,0
DA:38,0
DA:45,0
DA:46,0
DA:53,0
DA:54,0
DA:64,1
DA:65,0
DA:66,0
DA:67,0
DA:68,0
DA:69,0
DA:72,0
DA:78,0
DA:81,1
DA:82,0
DA:83,0
DA:85,0
DA:86,0
DA:94,0
DA:95,0
DA:96,0
DA:99,0
DA:100,0
DA:102,0
DA:110,0
DA:112,0
DA:119,0
DA:129,1
LF:49
LH:12
BRDA:10,0,0,0
BRDA:15,1,0,0
BRDA:15,1,1,0
BRDA:37,2,0,0
BRDA:37,2,1,0
BRDA:45,3,0,0
BRDA:45,3,1,0
BRDA:81,4,0,0
BRDA:85,5,0,0
BRDA:85,5,1,0
BRF:10
BRH:0
end_of_record
TN:
SF:scr\infrastructure\controllers\productsController.js
FN:10,(anonymous_0)
FN:61,(anonymous_1)
FN:119,(anonymous_2)
FN:174,(anonymous_3)
FN:236,(anonymous_4)
FN:291,(anonymous_5)
FN:342,(anonymous_6)
FNF:7
FNH:0
FNDA:0,(anonymous_0)
FNDA:0,(anonymous_1)
FNDA:0,(anonymous_2)
FNDA:0,(anonymous_3)
FNDA:0,(anonymous_4)
FNDA:0,(anonymous_5)
FNDA:0,(anonymous_6)
DA:1,1
DA:2,1
DA:3,1
DA:4,1
DA:5,1
DA:6,1
DA:7,1
DA:8,1
DA:10,1
DA:11,0
DA:12,0
DA:14,0
DA:15,0
DA:23,0
DA:24,0
DA:25,0
DA:27,0
DA:28,0
DA:30,0
DA:35,0
DA:36,0
DA:43,0
DA:44,0
DA:51,0
DA:61,1
DA:62,0
DA:63,0
DA:64,0
DA:66,0
DA:67,0
DA:75,0
DA:76,0
DA:78,0
DA:80,0
DA:81,0
DA:83,0
DA:92,0
DA:93,0
DA:101,0
DA:102,0
DA:109,0
DA:110,0
DA:119,1
DA:120,0
DA:121,0
DA:123,0
DA:124,0
DA:132,0
DA:133,0
DA:134,0
DA:135,0
DA:137,0
DA:146,0
DA:147,0
DA:148,0
DA:155,0
DA:156,0
DA:163,0
DA:174,1
DA:175,0
DA:176,0
DA:178,0
DA:179,0
DA:187,0
DA:188,0
DA:190,0
DA:191,0
DA:192,0
DA:193,0
DA:195,0
DA:204,0
DA:205,0
DA:207,0
DA:224,0
DA:236,1
DA:237,0
DA:239,0
DA:240,0
DA:241,0
DA:249,0
DA:250,0
DA:251,0
DA:252,0
DA:253,0
DA:254,0
DA:256,0
DA:265,0
DA:266,0
DA:274,0
DA:282,0
DA:291,1
DA:292,0
DA:293,0
DA:295,0
DA:296,0
DA:304,0
DA:305,0
DA:307,0
DA:308,0
DA:309,0
DA:310,0
DA:312,0
DA:321,0
DA:330,0
DA:342,1
DA:343,0
DA:344,0
DA:345,0
DA:347,0
DA:356,0
DA:370,1
LF:111
LH:16
BRDA:10,0,0,0
BRDA:14,1,0,0
BRDA:14,1,1,0
BRDA:35,2,0,0
BRDA:35,2,1,0
BRDA:43,3,0,0
BRDA:43,3,1,0
BRDA:61,4,0,0
BRDA:66,5,0,0
BRDA:66,5,1,0
BRDA:92,6,0,0
BRDA:92,6,1,0
BRDA:101,7,0,0
BRDA:101,7,1,0
BRDA:119,8,0,0
BRDA:123,9,0,0
BRDA:123,9,1,0
BRDA:147,10,0,0
BRDA:147,10,1,0
BRDA:155,11,0,0
BRDA:155,11,1,0
BRDA:174,12,0,0
BRDA:178,13,0,0
BRDA:178,13,1,0
BRDA:236,14,0,0
BRDA:240,15,0,0
BRDA:240,15,1,0
BRDA:253,16,0,0
BRDA:253,16,1,0
BRDA:265,17,0,0
BRDA:265,17,1,0
BRDA:265,18,0,0
BRDA:265,18,1,0
BRDA:291,19,0,0
BRDA:295,20,0,0
BRDA:295,20,1,0
BRDA:342,21,0,0
BRF:37
BRH:0
end_of_record
TN:
SF:scr\infrastructure\controllers\tokenController.js
FN:5,(anonymous_0)
FN:10,(anonymous_1)
FN:11,(anonymous_2)
FN:12,(anonymous_3)
FNF:4
FNH:0
FNDA:0,(anonymous_0)
FNDA:0,(anonymous_1)
FNDA:0,(anonymous_2)
FNDA:0,(anonymous_3)
DA:1,1
DA:2,1
DA:3,1
DA:5,1
DA:6,0
DA:7,0
DA:10,1
DA:11,0
DA:12,0
DA:13,0
DA:14,0
DA:16,0
DA:21,1
LF:13
LH:6
BRDA:13,0,0,0
BRDA:13,0,1,0
BRF:2
BRH:0
end_of_record
TN:
SF:scr\infrastructure\controllers\usersController.js
FN:7,(anonymous_0)
FN:48,(anonymous_1)
FN:111,(anonymous_2)
FNF:3
FNH:1
FNDA:1,(anonymous_0)
FNDA:0,(anonymous_1)
FNDA:0,(anonymous_2)
DA:1,1
DA:2,1
DA:3,1
DA:4,1
DA:5,1
DA:7,1
DA:8,1
DA:10,1
DA:11,1
DA:13,1
DA:14,0
DA:22,1
DA:23,1
DA:24,0
DA:27,1
DA:28,1
DA:30,1
DA:39,0
DA:48,1
DA:49,0
DA:50,0
DA:51,0
DA:53,0
DA:54,0
DA:62,0
DA:63,0
DA:65,0
DA:67,0
DA:68,0
DA:76,0
DA:77,0
DA:79,0
DA:84,0
DA:85,0
DA:93,0
DA:94,0
DA:101,0
DA:111,1
DA:112,0
DA:114,0
DA:115,0
DA:117,0
DA:119,0
DA:127,0
DA:128,0
DA:136,0
DA:137,0
DA:145,0
DA:155,1
LF:49
LH:18
BRDA:7,0,0,0
BRDA:13,1,0,0
BRDA:13,1,1,1
BRDA:23,2,0,0
BRDA:23,2,1,1
BRDA:48,3,0,0
BRDA:53,4,0,0
BRDA:53,4,1,0
BRDA:67,5,0,0
BRDA:67,5,1,0
BRDA:84,6,0,0
BRDA:84,6,1,0
BRDA:93,7,0,0
BRDA:93,7,1,0
BRDA:111,8,0,0
BRDA:127,9,0,0
BRDA:127,9,1,0
BRDA:136,10,0,0
BRDA:136,10,1,0
BRF:19
BRH:2
end_of_record
TN:
SF:scr\infrastructure\middlewares\validateFields.js
FN:4,(anonymous_0)
FNF:1
FNH:1
FNDA:1,(anonymous_0)
DA:1,1
DA:2,1
DA:4,1
DA:5,1
DA:7,1
DA:8,0
DA:14,1
DA:17,1
LF:8
LH:7
BRDA:4,0,0,0
BRDA:7,1,0,0
BRDA:7,1,1,1
BRF:3
BRH:1
end_of_record
TN:
SF:scr\infrastructure\models\commentsModel.js
FNF:0
FNH:0
DA:1,1
DA:3,1
DA:35,1
LF:3
LH:3
BRF:0
BRH:0
end_of_record
TN:
SF:scr\infrastructure\models\productsModel.js
FNF:0
FNH:0
DA:1,1
DA:3,1
DA:46,1
LF:3
LH:3
BRF:0
BRH:0
end_of_record
TN:
SF:scr\infrastructure\models\usersModel.js
FN:40,(anonymous_0)
FN:45,(anonymous_1)
FNF:2
FNH:1
FNDA:1,(anonymous_0)
FNDA:0,(anonymous_1)
DA:1,1
DA:2,1
DA:4,1
DA:40,1
DA:41,1
DA:42,1
DA:45,1
DA:46,0
DA:49,1
LF:9
LH:8
BRF:0
BRH:0
end_of_record
TN:
SF:scr\infrastructure\routes\commentsRoute.js
FNF:0
FNH:0
DA:1,1
DA:2,1
DA:4,1
DA:5,1
DA:6,1
DA:64,1
DA:99,1
DA:104,1
LF:8
LH:8
BRF:0
BRH:0
end_of_record
TN:
SF:scr\infrastructure\routes\productsRoute.js
FNF:0
FNH:0
DA:1,1
DA:2,1
DA:4,1
DA:5,1
DA:6,1
DA:71,1
DA:119,1
DA:157,1
DA:188,1
DA:221,1
DA:242,1
DA:271,1
DA:277,1
LF:13
LH:13
BRF:0
BRH:0
end_of_record
TN:
SF:scr\infrastructure\routes\usersRoute.js
FNF:0
FNH:0
DA:1,1
DA:2,1
DA:4,1
DA:5,1
DA:6,1
DA:75,1
DA:124,1
DA:185,1
DA:197,1
LF:9
LH:9
BRF:0
BRH:0
end_of_record
